{"C:\\Users\\HP\\Desktop\\FutureStack\\backend\\src\\app.js": {"path":"C:\\Users\\HP\\Desktop\\FutureStack\\backend\\src\\app.js","statementMap":{"0":{"start":{"line":1,"column":0},"end":{"line":1,"column":27}},"1":{"start":{"line":3,"column":16},"end":{"line":3,"column":34}},"2":{"start":{"line":4,"column":13},"end":{"line":4,"column":28}},"3":{"start":{"line":5,"column":15},"end":{"line":5,"column":32}},"4":{"start":{"line":6,"column":18},"end":{"line":6,"column":47}},"5":{"start":{"line":7,"column":22},"end":{"line":7,"column":55}},"6":{"start":{"line":9,"column":24},"end":{"line":9,"column":52}},"7":{"start":{"line":10,"column":21},"end":{"line":10,"column":46}},"8":{"start":{"line":11,"column":28},"end":{"line":11,"column":61}},"9":{"start":{"line":12,"column":24},"end":{"line":12,"column":53}},"10":{"start":{"line":13,"column":24},"end":{"line":13,"column":53}},"11":{"start":{"line":14,"column":25},"end":{"line":14,"column":55}},"12":{"start":{"line":16,"column":12},"end":{"line":16,"column":21}},"13":{"start":{"line":22,"column":0},"end":{"line":22,"column":26}},"14":{"start":{"line":28,"column":0},"end":{"line":54,"column":4}},"15":{"start":{"line":56,"column":20},"end":{"line":63,"column":1}},"16":{"start":{"line":58,"column":54},"end":{"line":58,"column":62}},"17":{"start":{"line":64,"column":0},"end":{"line":64,"column":27}},"18":{"start":{"line":66,"column":0},"end":{"line":66,"column":40}},"19":{"start":{"line":67,"column":0},"end":{"line":67,"column":25}},"20":{"start":{"line":69,"column":23},"end":{"line":90,"column":2}},"21":{"start":{"line":74,"column":19},"end":{"line":74,"column":45}},"22":{"start":{"line":76,"column":26},"end":{"line":76,"column":63}},"23":{"start":{"line":77,"column":34},"end":{"line":77,"column":76}},"24":{"start":{"line":79,"column":8},"end":{"line":79,"column":61}},"25":{"start":{"line":80,"column":8},"end":{"line":88,"column":11}},"26":{"start":{"line":92,"column":31},"end":{"line":113,"column":2}},"27":{"start":{"line":97,"column":19},"end":{"line":97,"column":75}},"28":{"start":{"line":99,"column":26},"end":{"line":99,"column":63}},"29":{"start":{"line":100,"column":34},"end":{"line":100,"column":76}},"30":{"start":{"line":102,"column":8},"end":{"line":102,"column":61}},"31":{"start":{"line":103,"column":8},"end":{"line":111,"column":11}},"32":{"start":{"line":115,"column":0},"end":{"line":115,"column":33}},"33":{"start":{"line":117,"column":0},"end":{"line":122,"column":1}},"34":{"start":{"line":118,"column":4},"end":{"line":121,"column":7}},"35":{"start":{"line":119,"column":8},"end":{"line":119,"column":77}},"36":{"start":{"line":120,"column":8},"end":{"line":120,"column":15}},"37":{"start":{"line":124,"column":0},"end":{"line":151,"column":3}},"38":{"start":{"line":125,"column":4},"end":{"line":149,"column":5}},"39":{"start":{"line":126,"column":25},"end":{"line":126,"column":76}},"40":{"start":{"line":128,"column":8},"end":{"line":134,"column":12}},"41":{"start":{"line":136,"column":29},"end":{"line":136,"column":47}},"42":{"start":{"line":137,"column":8},"end":{"line":148,"column":10}},"43":{"start":{"line":138,"column":12},"end":{"line":146,"column":16}},"44":{"start":{"line":147,"column":12},"end":{"line":147,"column":38}},"45":{"start":{"line":150,"column":4},"end":{"line":150,"column":11}},"46":{"start":{"line":157,"column":0},"end":{"line":163,"column":3}},"47":{"start":{"line":158,"column":4},"end":{"line":162,"column":7}},"48":{"start":{"line":165,"column":0},"end":{"line":197,"column":3}},"49":{"start":{"line":166,"column":19},"end":{"line":168,"column":5}},"50":{"start":{"line":170,"column":4},"end":{"line":187,"column":5}},"51":{"start":{"line":171,"column":26},"end":{"line":174,"column":21}},"52":{"start":{"line":176,"column":8},"end":{"line":181,"column":9}},"53":{"start":{"line":177,"column":12},"end":{"line":180,"column":14}},"54":{"start":{"line":183,"column":8},"end":{"line":186,"column":10}},"55":{"start":{"line":189,"column":23},"end":{"line":189,"column":82}},"56":{"start":{"line":189,"column":60},"end":{"line":189,"column":81}},"57":{"start":{"line":191,"column":4},"end":{"line":196,"column":7}},"58":{"start":{"line":199,"column":0},"end":{"line":199,"column":88}},"59":{"start":{"line":200,"column":0},"end":{"line":200,"column":56}},"60":{"start":{"line":201,"column":0},"end":{"line":201,"column":80}},"61":{"start":{"line":202,"column":0},"end":{"line":202,"column":82}},"62":{"start":{"line":204,"column":0},"end":{"line":210,"column":3}},"63":{"start":{"line":205,"column":4},"end":{"line":209,"column":7}},"64":{"start":{"line":216,"column":0},"end":{"line":218,"column":3}},"65":{"start":{"line":217,"column":4},"end":{"line":217,"column":89}},"66":{"start":{"line":220,"column":0},"end":{"line":226,"column":3}},"67":{"start":{"line":221,"column":4},"end":{"line":221,"column":43}},"68":{"start":{"line":222,"column":4},"end":{"line":225,"column":7}},"69":{"start":{"line":228,"column":0},"end":{"line":228,"column":21}}},"fnMap":{"0":{"name":"(anonymous_0)","decl":{"start":{"line":58,"column":49},"end":{"line":58,"column":50}},"loc":{"start":{"line":58,"column":54},"end":{"line":58,"column":62}},"line":58},"1":{"name":"(anonymous_1)","decl":{"start":{"line":74,"column":10},"end":{"line":74,"column":11}},"loc":{"start":{"line":74,"column":19},"end":{"line":74,"column":45}},"line":74},"2":{"name":"(anonymous_2)","decl":{"start":{"line":75,"column":13},"end":{"line":75,"column":14}},"loc":{"start":{"line":75,"column":27},"end":{"line":89,"column":5}},"line":75},"3":{"name":"(anonymous_3)","decl":{"start":{"line":97,"column":10},"end":{"line":97,"column":11}},"loc":{"start":{"line":97,"column":19},"end":{"line":97,"column":75}},"line":97},"4":{"name":"(anonymous_4)","decl":{"start":{"line":98,"column":13},"end":{"line":98,"column":14}},"loc":{"start":{"line":98,"column":27},"end":{"line":112,"column":5}},"line":98},"5":{"name":"(anonymous_5)","decl":{"start":{"line":118,"column":12},"end":{"line":118,"column":13}},"loc":{"start":{"line":118,"column":32},"end":{"line":121,"column":5}},"line":118},"6":{"name":"(anonymous_6)","decl":{"start":{"line":124,"column":8},"end":{"line":124,"column":9}},"loc":{"start":{"line":124,"column":28},"end":{"line":151,"column":1}},"line":124},"7":{"name":"(anonymous_7)","decl":{"start":{"line":137,"column":19},"end":{"line":137,"column":20}},"loc":{"start":{"line":137,"column":35},"end":{"line":148,"column":9}},"line":137},"8":{"name":"(anonymous_8)","decl":{"start":{"line":157,"column":23},"end":{"line":157,"column":24}},"loc":{"start":{"line":157,"column":37},"end":{"line":163,"column":1}},"line":157},"9":{"name":"(anonymous_9)","decl":{"start":{"line":165,"column":28},"end":{"line":165,"column":29}},"loc":{"start":{"line":165,"column":48},"end":{"line":197,"column":1}},"line":165},"10":{"name":"(anonymous_10)","decl":{"start":{"line":189,"column":51},"end":{"line":189,"column":52}},"loc":{"start":{"line":189,"column":60},"end":{"line":189,"column":81}},"line":189},"11":{"name":"(anonymous_11)","decl":{"start":{"line":204,"column":32},"end":{"line":204,"column":33}},"loc":{"start":{"line":204,"column":46},"end":{"line":210,"column":1}},"line":204},"12":{"name":"(anonymous_12)","decl":{"start":{"line":216,"column":8},"end":{"line":216,"column":9}},"loc":{"start":{"line":216,"column":22},"end":{"line":218,"column":1}},"line":216},"13":{"name":"(anonymous_13)","decl":{"start":{"line":220,"column":8},"end":{"line":220,"column":9}},"loc":{"start":{"line":220,"column":33},"end":{"line":226,"column":1}},"line":220}},"branchMap":{"0":{"loc":{"start":{"line":57,"column":12},"end":{"line":59,"column":35}},"type":"cond-expr","locations":[{"start":{"line":58,"column":10},"end":{"line":58,"column":63}},{"start":{"line":59,"column":10},"end":{"line":59,"column":35}}],"line":57},"1":{"loc":{"start":{"line":117,"column":0},"end":{"line":122,"column":1}},"type":"if","locations":[{"start":{"line":117,"column":0},"end":{"line":122,"column":1}},{"start":{},"end":{}}],"line":117},"2":{"loc":{"start":{"line":125,"column":4},"end":{"line":149,"column":5}},"type":"if","locations":[{"start":{"line":125,"column":4},"end":{"line":149,"column":5}},{"start":{},"end":{}}],"line":125},"3":{"loc":{"start":{"line":126,"column":25},"end":{"line":126,"column":76}},"type":"cond-expr","locations":[{"start":{"line":126,"column":57},"end":{"line":126,"column":67}},{"start":{"line":126,"column":70},"end":{"line":126,"column":76}}],"line":126},"4":{"loc":{"start":{"line":126,"column":25},"end":{"line":126,"column":54}},"type":"binary-expr","locations":[{"start":{"line":126,"column":25},"end":{"line":126,"column":32}},{"start":{"line":126,"column":36},"end":{"line":126,"column":54}}],"line":126},"5":{"loc":{"start":{"line":144,"column":25},"end":{"line":144,"column":70}},"type":"binary-expr","locations":[{"start":{"line":144,"column":25},"end":{"line":144,"column":46}},{"start":{"line":144,"column":50},"end":{"line":144,"column":70}}],"line":144},"6":{"loc":{"start":{"line":161,"column":21},"end":{"line":161,"column":58}},"type":"binary-expr","locations":[{"start":{"line":161,"column":21},"end":{"line":161,"column":41}},{"start":{"line":161,"column":45},"end":{"line":161,"column":58}}],"line":161},"7":{"loc":{"start":{"line":176,"column":8},"end":{"line":181,"column":9}},"type":"if","locations":[{"start":{"line":176,"column":8},"end":{"line":181,"column":9}},{"start":{},"end":{}}],"line":176},"8":{"loc":{"start":{"line":191,"column":15},"end":{"line":191,"column":37}},"type":"cond-expr","locations":[{"start":{"line":191,"column":28},"end":{"line":191,"column":31}},{"start":{"line":191,"column":34},"end":{"line":191,"column":37}}],"line":191},"9":{"loc":{"start":{"line":192,"column":16},"end":{"line":192,"column":46}},"type":"cond-expr","locations":[{"start":{"line":192,"column":29},"end":{"line":192,"column":33}},{"start":{"line":192,"column":36},"end":{"line":192,"column":46}}],"line":192},"10":{"loc":{"start":{"line":194,"column":21},"end":{"line":194,"column":58}},"type":"binary-expr","locations":[{"start":{"line":194,"column":21},"end":{"line":194,"column":41}},{"start":{"line":194,"column":45},"end":{"line":194,"column":58}}],"line":194},"11":{"loc":{"start":{"line":224,"column":17},"end":{"line":224,"column":94}},"type":"cond-expr","locations":[{"start":{"line":224,"column":58},"end":{"line":224,"column":69}},{"start":{"line":224,"column":72},"end":{"line":224,"column":94}}],"line":224}},"s":{"0":3,"1":3,"2":3,"3":3,"4":3,"5":3,"6":3,"7":3,"8":3,"9":3,"10":3,"11":3,"12":3,"13":3,"14":3,"15":3,"16":3,"17":3,"18":3,"19":3,"20":3,"21":11,"22":0,"23":0,"24":0,"25":0,"26":3,"27":6,"28":0,"29":0,"30":0,"31":0,"32":3,"33":3,"34":0,"35":0,"36":0,"37":3,"38":11,"39":5,"40":5,"41":5,"42":5,"43":5,"44":5,"45":11,"46":3,"47":1,"48":3,"49":2,"50":2,"51":2,"52":2,"53":1,"54":0,"55":2,"56":2,"57":2,"58":3,"59":3,"60":3,"61":3,"62":3,"63":0,"64":3,"65":0,"66":3,"67":0,"68":0,"69":3},"f":{"0":3,"1":11,"2":0,"3":6,"4":0,"5":0,"6":11,"7":5,"8":1,"9":2,"10":2,"11":0,"12":0,"13":0},"b":{"0":[3,0],"1":[0,3],"2":[5,6],"3":[0,5],"4":[5,5],"5":[5,5],"6":[1,0],"7":[1,1],"8":[1,1],"9":[1,1],"10":[2,0],"11":[0,0]},"_coverageSchema":"1a1c01bbd47fc00a2c39e90264f33305004495a9","hash":"2ffdee1375829f0de8785ddfda589719dc705c49"}
,"C:\\Users\\HP\\Desktop\\FutureStack\\backend\\src\\middleware\\auth.js": {"path":"C:\\Users\\HP\\Desktop\\FutureStack\\backend\\src\\middleware\\auth.js","statementMap":{"0":{"start":{"line":1,"column":12},"end":{"line":1,"column":35}},"1":{"start":{"line":2,"column":15},"end":{"line":2,"column":32}},"2":{"start":{"line":3,"column":21},"end":{"line":3,"column":47}},"3":{"start":{"line":7,"column":18},"end":{"line":7,"column":27}},"4":{"start":{"line":8,"column":21},"end":{"line":8,"column":34}},"5":{"start":{"line":10,"column":35},"end":{"line":13,"column":1}},"6":{"start":{"line":11,"column":20},"end":{"line":11,"column":62}},"7":{"start":{"line":12,"column":4},"end":{"line":12,"column":75}},"8":{"start":{"line":21,"column":4},"end":{"line":21,"column":26}},"9":{"start":{"line":21,"column":14},"end":{"line":21,"column":26}},"10":{"start":{"line":23,"column":21},"end":{"line":28,"column":30}},"11":{"start":{"line":31,"column":4},"end":{"line":34,"column":5}},"12":{"start":{"line":32,"column":8},"end":{"line":32,"column":90}},"13":{"start":{"line":33,"column":8},"end":{"line":33,"column":20}},"14":{"start":{"line":36,"column":4},"end":{"line":36,"column":22}},"15":{"start":{"line":43,"column":4},"end":{"line":43,"column":32}},"16":{"start":{"line":43,"column":20},"end":{"line":43,"column":32}},"17":{"start":{"line":45,"column":4},"end":{"line":56,"column":5}},"18":{"start":{"line":46,"column":26},"end":{"line":49,"column":10}},"19":{"start":{"line":50,"column":8},"end":{"line":50,"column":68}},"20":{"start":{"line":51,"column":8},"end":{"line":51,"column":25}},"21":{"start":{"line":53,"column":8},"end":{"line":53,"column":80}},"22":{"start":{"line":54,"column":8},"end":{"line":54,"column":83}},"23":{"start":{"line":55,"column":8},"end":{"line":55,"column":20}},"24":{"start":{"line":60,"column":15},"end":{"line":60,"column":64}},"25":{"start":{"line":61,"column":21},"end":{"line":61,"column":44}},"26":{"start":{"line":62,"column":21},"end":{"line":62,"column":35}},"27":{"start":{"line":64,"column":0},"end":{"line":64,"column":64}},"28":{"start":{"line":65,"column":0},"end":{"line":70,"column":1}},"29":{"start":{"line":66,"column":4},"end":{"line":66,"column":91}},"30":{"start":{"line":68,"column":4},"end":{"line":68,"column":78}},"31":{"start":{"line":69,"column":4},"end":{"line":69,"column":88}},"32":{"start":{"line":79,"column":20},"end":{"line":168,"column":1}},"33":{"start":{"line":80,"column":4},"end":{"line":167,"column":5}},"34":{"start":{"line":81,"column":27},"end":{"line":81,"column":52}},"35":{"start":{"line":83,"column":8},"end":{"line":88,"column":9}},"36":{"start":{"line":84,"column":12},"end":{"line":87,"column":15}},"37":{"start":{"line":90,"column":22},"end":{"line":90,"column":46}},"38":{"start":{"line":93,"column":8},"end":{"line":99,"column":9}},"39":{"start":{"line":94,"column":12},"end":{"line":94,"column":93}},"40":{"start":{"line":95,"column":12},"end":{"line":98,"column":15}},"41":{"start":{"line":103,"column":8},"end":{"line":121,"column":9}},"42":{"start":{"line":104,"column":12},"end":{"line":106,"column":15}},"43":{"start":{"line":108,"column":12},"end":{"line":119,"column":13}},"44":{"start":{"line":109,"column":16},"end":{"line":112,"column":19}},"45":{"start":{"line":113,"column":19},"end":{"line":119,"column":13}},"46":{"start":{"line":114,"column":16},"end":{"line":114,"column":85}},"47":{"start":{"line":115,"column":16},"end":{"line":118,"column":19}},"48":{"start":{"line":120,"column":12},"end":{"line":120,"column":30}},"49":{"start":{"line":125,"column":8},"end":{"line":129,"column":10}},"50":{"start":{"line":132,"column":8},"end":{"line":151,"column":9}},"51":{"start":{"line":133,"column":12},"end":{"line":133,"column":45}},"52":{"start":{"line":135,"column":32},"end":{"line":135,"column":67}},"53":{"start":{"line":136,"column":12},"end":{"line":143,"column":15}},"54":{"start":{"line":145,"column":12},"end":{"line":150,"column":15}},"55":{"start":{"line":153,"column":8},"end":{"line":153,"column":15}},"56":{"start":{"line":155,"column":8},"end":{"line":159,"column":11}},"57":{"start":{"line":160,"column":8},"end":{"line":162,"column":9}},"58":{"start":{"line":161,"column":12},"end":{"line":161,"column":71}},"59":{"start":{"line":163,"column":8},"end":{"line":166,"column":11}},"60":{"start":{"line":175,"column":30},"end":{"line":175,"column":34}},"61":{"start":{"line":178,"column":19},"end":{"line":178,"column":40}},"62":{"start":{"line":179,"column":4},"end":{"line":182,"column":5}},"63":{"start":{"line":180,"column":8},"end":{"line":180,"column":52}},"64":{"start":{"line":181,"column":8},"end":{"line":181,"column":15}},"65":{"start":{"line":184,"column":4},"end":{"line":184,"column":62}},"66":{"start":{"line":187,"column":55},"end":{"line":191,"column":22}},"67":{"start":{"line":193,"column":4},"end":{"line":196,"column":5}},"68":{"start":{"line":194,"column":8},"end":{"line":194,"column":67}},"69":{"start":{"line":195,"column":8},"end":{"line":195,"column":26}},"70":{"start":{"line":198,"column":4},"end":{"line":202,"column":5}},"71":{"start":{"line":199,"column":8},"end":{"line":199,"column":90}},"72":{"start":{"line":200,"column":8},"end":{"line":200,"column":46}},"73":{"start":{"line":201,"column":8},"end":{"line":201,"column":15}},"74":{"start":{"line":205,"column":50},"end":{"line":209,"column":17}},"75":{"start":{"line":211,"column":4},"end":{"line":226,"column":5}},"76":{"start":{"line":213,"column":8},"end":{"line":224,"column":9}},"77":{"start":{"line":214,"column":39},"end":{"line":218,"column":25}},"78":{"start":{"line":219,"column":12},"end":{"line":223,"column":13}},"79":{"start":{"line":220,"column":16},"end":{"line":220,"column":94}},"80":{"start":{"line":221,"column":16},"end":{"line":221,"column":50}},"81":{"start":{"line":222,"column":16},"end":{"line":222,"column":23}},"82":{"start":{"line":225,"column":8},"end":{"line":225,"column":26}},"83":{"start":{"line":228,"column":4},"end":{"line":228,"column":81}},"84":{"start":{"line":229,"column":4},"end":{"line":229,"column":37}},"85":{"start":{"line":232,"column":0},"end":{"line":232,"column":33}}},"fnMap":{"0":{"name":"(anonymous_0)","decl":{"start":{"line":10,"column":35},"end":{"line":10,"column":36}},"loc":{"start":{"line":10,"column":46},"end":{"line":13,"column":1}},"line":10},"1":{"name":"normalizePemKey","decl":{"start":{"line":20,"column":9},"end":{"line":20,"column":24}},"loc":{"start":{"line":20,"column":30},"end":{"line":37,"column":1}},"line":20},"2":{"name":"createPublicKey","decl":{"start":{"line":42,"column":9},"end":{"line":42,"column":24}},"loc":{"start":{"line":42,"column":36},"end":{"line":57,"column":1}},"line":42},"3":{"name":"(anonymous_3)","decl":{"start":{"line":79,"column":20},"end":{"line":79,"column":21}},"loc":{"start":{"line":79,"column":46},"end":{"line":168,"column":1}},"line":79},"4":{"name":"ensureUserExists","decl":{"start":{"line":174,"column":15},"end":{"line":174,"column":31}},"loc":{"start":{"line":174,"column":38},"end":{"line":230,"column":1}},"line":174}},"branchMap":{"0":{"loc":{"start":{"line":11,"column":27},"end":{"line":11,"column":47}},"type":"binary-expr","locations":[{"start":{"line":11,"column":27},"end":{"line":11,"column":41}},{"start":{"line":11,"column":45},"end":{"line":11,"column":47}}],"line":11},"1":{"loc":{"start":{"line":12,"column":11},"end":{"line":12,"column":74}},"type":"binary-expr","locations":[{"start":{"line":12,"column":11},"end":{"line":12,"column":43}},{"start":{"line":12,"column":47},"end":{"line":12,"column":74}}],"line":12},"2":{"loc":{"start":{"line":21,"column":4},"end":{"line":21,"column":26}},"type":"if","locations":[{"start":{"line":21,"column":4},"end":{"line":21,"column":26}},{"start":{},"end":{}}],"line":21},"3":{"loc":{"start":{"line":31,"column":4},"end":{"line":34,"column":5}},"type":"if","locations":[{"start":{"line":31,"column":4},"end":{"line":34,"column":5}},{"start":{},"end":{}}],"line":31},"4":{"loc":{"start":{"line":31,"column":8},"end":{"line":31,"column":78}},"type":"binary-expr","locations":[{"start":{"line":31,"column":8},"end":{"line":31,"column":42}},{"start":{"line":31,"column":46},"end":{"line":31,"column":78}}],"line":31},"5":{"loc":{"start":{"line":43,"column":4},"end":{"line":43,"column":32}},"type":"if","locations":[{"start":{"line":43,"column":4},"end":{"line":43,"column":32}},{"start":{},"end":{}}],"line":43},"6":{"loc":{"start":{"line":65,"column":0},"end":{"line":70,"column":1}},"type":"if","locations":[{"start":{"line":65,"column":0},"end":{"line":70,"column":1}},{"start":{"line":67,"column":7},"end":{"line":70,"column":1}}],"line":65},"7":{"loc":{"start":{"line":83,"column":8},"end":{"line":88,"column":9}},"type":"if","locations":[{"start":{"line":83,"column":8},"end":{"line":88,"column":9}},{"start":{},"end":{}}],"line":83},"8":{"loc":{"start":{"line":83,"column":12},"end":{"line":83,"column":60}},"type":"binary-expr","locations":[{"start":{"line":83,"column":12},"end":{"line":83,"column":23}},{"start":{"line":83,"column":27},"end":{"line":83,"column":60}}],"line":83},"9":{"loc":{"start":{"line":93,"column":8},"end":{"line":99,"column":9}},"type":"if","locations":[{"start":{"line":93,"column":8},"end":{"line":99,"column":9}},{"start":{},"end":{}}],"line":93},"10":{"loc":{"start":{"line":108,"column":12},"end":{"line":119,"column":13}},"type":"if","locations":[{"start":{"line":108,"column":12},"end":{"line":119,"column":13}},{"start":{"line":113,"column":19},"end":{"line":119,"column":13}}],"line":108},"11":{"loc":{"start":{"line":113,"column":19},"end":{"line":119,"column":13}},"type":"if","locations":[{"start":{"line":113,"column":19},"end":{"line":119,"column":13}},{"start":{},"end":{}}],"line":113},"12":{"loc":{"start":{"line":128,"column":19},"end":{"line":128,"column":57}},"type":"binary-expr","locations":[{"start":{"line":128,"column":19},"end":{"line":128,"column":32}},{"start":{"line":128,"column":36},"end":{"line":128,"column":57}}],"line":128},"13":{"loc":{"start":{"line":145,"column":30},"end":{"line":145,"column":53}},"type":"cond-expr","locations":[{"start":{"line":145,"column":44},"end":{"line":145,"column":47}},{"start":{"line":145,"column":50},"end":{"line":145,"column":53}}],"line":145},"14":{"loc":{"start":{"line":146,"column":23},"end":{"line":146,"column":84}},"type":"cond-expr","locations":[{"start":{"line":146,"column":37},"end":{"line":146,"column":58}},{"start":{"line":146,"column":61},"end":{"line":146,"column":84}}],"line":146},"15":{"loc":{"start":{"line":147,"column":25},"end":{"line":149,"column":55}},"type":"cond-expr","locations":[{"start":{"line":148,"column":22},"end":{"line":148,"column":83}},{"start":{"line":149,"column":22},"end":{"line":149,"column":55}}],"line":147},"16":{"loc":{"start":{"line":160,"column":8},"end":{"line":162,"column":9}},"type":"if","locations":[{"start":{"line":160,"column":8},"end":{"line":162,"column":9}},{"start":{},"end":{}}],"line":160},"17":{"loc":{"start":{"line":179,"column":4},"end":{"line":182,"column":5}},"type":"if","locations":[{"start":{"line":179,"column":4},"end":{"line":182,"column":5}},{"start":{},"end":{}}],"line":179},"18":{"loc":{"start":{"line":179,"column":8},"end":{"line":179,"column":64}},"type":"binary-expr","locations":[{"start":{"line":179,"column":8},"end":{"line":179,"column":14}},{"start":{"line":179,"column":18},"end":{"line":179,"column":64}}],"line":179},"19":{"loc":{"start":{"line":193,"column":4},"end":{"line":196,"column":5}},"type":"if","locations":[{"start":{"line":193,"column":4},"end":{"line":196,"column":5}},{"start":{},"end":{}}],"line":193},"20":{"loc":{"start":{"line":198,"column":4},"end":{"line":202,"column":5}},"type":"if","locations":[{"start":{"line":198,"column":4},"end":{"line":202,"column":5}},{"start":{},"end":{}}],"line":198},"21":{"loc":{"start":{"line":207,"column":43},"end":{"line":207,"column":56}},"type":"binary-expr","locations":[{"start":{"line":207,"column":43},"end":{"line":207,"column":48}},{"start":{"line":207,"column":52},"end":{"line":207,"column":56}}],"line":207},"22":{"loc":{"start":{"line":211,"column":4},"end":{"line":226,"column":5}},"type":"if","locations":[{"start":{"line":211,"column":4},"end":{"line":226,"column":5}},{"start":{},"end":{}}],"line":211},"23":{"loc":{"start":{"line":213,"column":8},"end":{"line":224,"column":9}},"type":"if","locations":[{"start":{"line":213,"column":8},"end":{"line":224,"column":9}},{"start":{},"end":{}}],"line":213},"24":{"loc":{"start":{"line":219,"column":12},"end":{"line":223,"column":13}},"type":"if","locations":[{"start":{"line":219,"column":12},"end":{"line":223,"column":13}},{"start":{},"end":{}}],"line":219}},"s":{"0":1,"1":1,"2":1,"3":1,"4":1,"5":1,"6":0,"7":0,"8":1,"9":1,"10":0,"11":0,"12":0,"13":0,"14":0,"15":1,"16":1,"17":0,"18":0,"19":0,"20":0,"21":0,"22":0,"23":0,"24":1,"25":1,"26":1,"27":1,"28":1,"29":0,"30":1,"31":1,"32":1,"33":0,"34":0,"35":0,"36":0,"37":0,"38":0,"39":0,"40":0,"41":0,"42":0,"43":0,"44":0,"45":0,"46":0,"47":0,"48":0,"49":0,"50":0,"51":0,"52":0,"53":0,"54":0,"55":0,"56":0,"57":0,"58":0,"59":0,"60":0,"61":0,"62":0,"63":0,"64":0,"65":0,"66":0,"67":0,"68":0,"69":0,"70":0,"71":0,"72":0,"73":0,"74":0,"75":0,"76":0,"77":0,"78":0,"79":0,"80":0,"81":0,"82":0,"83":0,"84":0,"85":1},"f":{"0":0,"1":1,"2":1,"3":0,"4":0},"b":{"0":[0,0],"1":[0,0],"2":[1,0],"3":[0,0],"4":[0,0],"5":[1,0],"6":[0,1],"7":[0,0],"8":[0,0],"9":[0,0],"10":[0,0],"11":[0,0],"12":[0,0],"13":[0,0],"14":[0,0],"15":[0,0],"16":[0,0],"17":[0,0],"18":[0,0],"19":[0,0],"20":[0,0],"21":[0,0],"22":[0,0],"23":[0,0],"24":[0,0]},"_coverageSchema":"1a1c01bbd47fc00a2c39e90264f33305004495a9","hash":"0d1f4c17bc8f039eba8b53bba1338219449b3399"}
,"C:\\Users\\HP\\Desktop\\FutureStack\\backend\\src\\middleware\\validate.js": {"path":"C:\\Users\\HP\\Desktop\\FutureStack\\backend\\src\\middleware\\validate.js","statementMap":{"0":{"start":{"line":5,"column":17},"end":{"line":33,"column":1}},"1":{"start":{"line":6,"column":4},"end":{"line":32,"column":6}},"2":{"start":{"line":7,"column":31},"end":{"line":7,"column":44}},"3":{"start":{"line":9,"column":33},"end":{"line":13,"column":10}},"4":{"start":{"line":15,"column":8},"end":{"line":27,"column":9}},"5":{"start":{"line":17,"column":27},"end":{"line":20,"column":15}},"6":{"start":{"line":17,"column":56},"end":{"line":20,"column":13}},"7":{"start":{"line":22,"column":12},"end":{"line":26,"column":15}},"8":{"start":{"line":30,"column":8},"end":{"line":30,"column":30}},"9":{"start":{"line":31,"column":8},"end":{"line":31,"column":15}},"10":{"start":{"line":35,"column":0},"end":{"line":35,"column":30}}},"fnMap":{"0":{"name":"(anonymous_0)","decl":{"start":{"line":5,"column":17},"end":{"line":5,"column":18}},"loc":{"start":{"line":5,"column":48},"end":{"line":33,"column":1}},"line":5},"1":{"name":"(anonymous_1)","decl":{"start":{"line":6,"column":11},"end":{"line":6,"column":12}},"loc":{"start":{"line":6,"column":31},"end":{"line":32,"column":5}},"line":6},"2":{"name":"(anonymous_2)","decl":{"start":{"line":17,"column":45},"end":{"line":17,"column":46}},"loc":{"start":{"line":17,"column":56},"end":{"line":20,"column":13}},"line":17}},"branchMap":{"0":{"loc":{"start":{"line":5,"column":26},"end":{"line":5,"column":43}},"type":"default-arg","locations":[{"start":{"line":5,"column":37},"end":{"line":5,"column":43}}],"line":5},"1":{"loc":{"start":{"line":15,"column":8},"end":{"line":27,"column":9}},"type":"if","locations":[{"start":{"line":15,"column":8},"end":{"line":27,"column":9}},{"start":{},"end":{}}],"line":15}},"s":{"0":4,"1":77,"2":8,"3":8,"4":8,"5":3,"6":3,"7":3,"8":5,"9":5,"10":4},"f":{"0":77,"1":8,"2":3},"b":{"0":[50],"1":[3,5]},"_coverageSchema":"1a1c01bbd47fc00a2c39e90264f33305004495a9","hash":"9b1a541be30e25b938fa9de061274e20d6d29ec4"}
,"C:\\Users\\HP\\Desktop\\FutureStack\\backend\\src\\routes\\analytics.js": {"path":"C:\\Users\\HP\\Desktop\\FutureStack\\backend\\src\\routes\\analytics.js","statementMap":{"0":{"start":{"line":1,"column":16},"end":{"line":1,"column":34}},"1":{"start":{"line":2,"column":21},"end":{"line":2,"column":47}},"2":{"start":{"line":4,"column":15},"end":{"line":4,"column":31}},"3":{"start":{"line":7,"column":26},"end":{"line":7,"column":60}},"4":{"start":{"line":7,"column":35},"end":{"line":7,"column":60}},"5":{"start":{"line":13,"column":0},"end":{"line":156,"column":3}},"6":{"start":{"line":14,"column":4},"end":{"line":155,"column":5}},"7":{"start":{"line":15,"column":23},"end":{"line":15,"column":46}},"8":{"start":{"line":18,"column":47},"end":{"line":21,"column":34}},"9":{"start":{"line":23,"column":8},"end":{"line":23,"column":31}},"10":{"start":{"line":23,"column":19},"end":{"line":23,"column":31}},"11":{"start":{"line":26,"column":29},"end":{"line":33,"column":9}},"12":{"start":{"line":36,"column":31},"end":{"line":39,"column":9}},"13":{"start":{"line":41,"column":8},"end":{"line":48,"column":11}},"14":{"start":{"line":42,"column":12},"end":{"line":44,"column":13}},"15":{"start":{"line":43,"column":16},"end":{"line":43,"column":43}},"16":{"start":{"line":45,"column":12},"end":{"line":47,"column":13}},"17":{"start":{"line":46,"column":16},"end":{"line":46,"column":47}},"18":{"start":{"line":51,"column":29},"end":{"line":51,"column":49}},"19":{"start":{"line":52,"column":30},"end":{"line":52,"column":51}},"20":{"start":{"line":53,"column":30},"end":{"line":53,"column":51}},"21":{"start":{"line":54,"column":32},"end":{"line":54,"column":106}},"22":{"start":{"line":56,"column":31},"end":{"line":58,"column":15}},"23":{"start":{"line":60,"column":30},"end":{"line":62,"column":15}},"24":{"start":{"line":65,"column":20},"end":{"line":65,"column":30}},"25":{"start":{"line":66,"column":27},"end":{"line":66,"column":29}},"26":{"start":{"line":67,"column":8},"end":{"line":86,"column":9}},"27":{"start":{"line":67,"column":21},"end":{"line":67,"column":22}},"28":{"start":{"line":68,"column":30},"end":{"line":68,"column":43}},"29":{"start":{"line":69,"column":12},"end":{"line":69,"column":70}},"30":{"start":{"line":70,"column":12},"end":{"line":70,"column":43}},"31":{"start":{"line":72,"column":28},"end":{"line":72,"column":47}},"32":{"start":{"line":73,"column":12},"end":{"line":73,"column":53}},"33":{"start":{"line":74,"column":12},"end":{"line":74,"column":46}},"34":{"start":{"line":76,"column":29},"end":{"line":79,"column":14}},"35":{"start":{"line":77,"column":32},"end":{"line":77,"column":56}},"36":{"start":{"line":78,"column":16},"end":{"line":78,"column":66}},"37":{"start":{"line":81,"column":12},"end":{"line":85,"column":15}},"38":{"start":{"line":89,"column":28},"end":{"line":89,"column":30}},"39":{"start":{"line":90,"column":8},"end":{"line":103,"column":9}},"40":{"start":{"line":90,"column":21},"end":{"line":90,"column":22}},"41":{"start":{"line":91,"column":31},"end":{"line":91,"column":81}},"42":{"start":{"line":92,"column":29},"end":{"line":92,"column":83}},"43":{"start":{"line":94,"column":30},"end":{"line":97,"column":14}},"44":{"start":{"line":95,"column":32},"end":{"line":95,"column":56}},"45":{"start":{"line":96,"column":16},"end":{"line":96,"column":68}},"46":{"start":{"line":99,"column":12},"end":{"line":102,"column":15}},"47":{"start":{"line":106,"column":37},"end":{"line":106,"column":39}},"48":{"start":{"line":107,"column":8},"end":{"line":125,"column":9}},"49":{"start":{"line":107,"column":21},"end":{"line":107,"column":22}},"50":{"start":{"line":108,"column":25},"end":{"line":108,"column":38}},"51":{"start":{"line":109,"column":12},"end":{"line":109,"column":44}},"52":{"start":{"line":110,"column":12},"end":{"line":110,"column":38}},"53":{"start":{"line":112,"column":28},"end":{"line":112,"column":60}},"54":{"start":{"line":113,"column":26},"end":{"line":117,"column":21}},"55":{"start":{"line":114,"column":16},"end":{"line":114,"column":48}},"56":{"start":{"line":114,"column":35},"end":{"line":114,"column":48}},"57":{"start":{"line":115,"column":33},"end":{"line":115,"column":55}},"58":{"start":{"line":116,"column":16},"end":{"line":116,"column":72}},"59":{"start":{"line":119,"column":12},"end":{"line":124,"column":15}},"60":{"start":{"line":128,"column":27},"end":{"line":133,"column":9}},"61":{"start":{"line":135,"column":8},"end":{"line":151,"column":11}},"62":{"start":{"line":153,"column":8},"end":{"line":153,"column":66}},"63":{"start":{"line":154,"column":8},"end":{"line":154,"column":69}},"64":{"start":{"line":158,"column":0},"end":{"line":158,"column":24}}},"fnMap":{"0":{"name":"(anonymous_0)","decl":{"start":{"line":7,"column":26},"end":{"line":7,"column":27}},"loc":{"start":{"line":7,"column":35},"end":{"line":7,"column":60}},"line":7},"1":{"name":"(anonymous_1)","decl":{"start":{"line":13,"column":16},"end":{"line":13,"column":17}},"loc":{"start":{"line":13,"column":36},"end":{"line":156,"column":1}},"line":13},"2":{"name":"(anonymous_2)","decl":{"start":{"line":41,"column":30},"end":{"line":41,"column":31}},"loc":{"start":{"line":41,"column":37},"end":{"line":48,"column":9}},"line":41},"3":{"name":"(anonymous_3)","decl":{"start":{"line":76,"column":50},"end":{"line":76,"column":51}},"loc":{"start":{"line":76,"column":57},"end":{"line":79,"column":13}},"line":76},"4":{"name":"(anonymous_4)","decl":{"start":{"line":94,"column":51},"end":{"line":94,"column":52}},"loc":{"start":{"line":94,"column":58},"end":{"line":97,"column":13}},"line":94},"5":{"name":"(anonymous_5)","decl":{"start":{"line":113,"column":47},"end":{"line":113,"column":48}},"loc":{"start":{"line":113,"column":54},"end":{"line":117,"column":13}},"line":113}},"branchMap":{"0":{"loc":{"start":{"line":23,"column":8},"end":{"line":23,"column":31}},"type":"if","locations":[{"start":{"line":23,"column":8},"end":{"line":23,"column":31}},{"start":{},"end":{}}],"line":23},"1":{"loc":{"start":{"line":42,"column":12},"end":{"line":44,"column":13}},"type":"if","locations":[{"start":{"line":42,"column":12},"end":{"line":44,"column":13}},{"start":{},"end":{}}],"line":42},"2":{"loc":{"start":{"line":42,"column":16},"end":{"line":42,"column":69}},"type":"binary-expr","locations":[{"start":{"line":42,"column":16},"end":{"line":42,"column":26}},{"start":{"line":42,"column":30},"end":{"line":42,"column":69}}],"line":42},"3":{"loc":{"start":{"line":45,"column":12},"end":{"line":47,"column":13}},"type":"if","locations":[{"start":{"line":45,"column":12},"end":{"line":47,"column":13}},{"start":{},"end":{}}],"line":45},"4":{"loc":{"start":{"line":45,"column":16},"end":{"line":45,"column":75}},"type":"binary-expr","locations":[{"start":{"line":45,"column":16},"end":{"line":45,"column":28}},{"start":{"line":45,"column":32},"end":{"line":45,"column":75}}],"line":45},"5":{"loc":{"start":{"line":56,"column":31},"end":{"line":58,"column":15}},"type":"cond-expr","locations":[{"start":{"line":57,"column":14},"end":{"line":57,"column":69}},{"start":{"line":58,"column":14},"end":{"line":58,"column":15}}],"line":56},"6":{"loc":{"start":{"line":60,"column":30},"end":{"line":62,"column":15}},"type":"cond-expr","locations":[{"start":{"line":61,"column":14},"end":{"line":61,"column":69}},{"start":{"line":62,"column":14},"end":{"line":62,"column":15}}],"line":60},"7":{"loc":{"start":{"line":78,"column":23},"end":{"line":78,"column":65}},"type":"binary-expr","locations":[{"start":{"line":78,"column":23},"end":{"line":78,"column":43}},{"start":{"line":78,"column":47},"end":{"line":78,"column":65}}],"line":78},"8":{"loc":{"start":{"line":96,"column":23},"end":{"line":96,"column":67}},"type":"binary-expr","locations":[{"start":{"line":96,"column":23},"end":{"line":96,"column":44}},{"start":{"line":96,"column":48},"end":{"line":96,"column":67}}],"line":96},"9":{"loc":{"start":{"line":114,"column":16},"end":{"line":114,"column":48}},"type":"if","locations":[{"start":{"line":114,"column":16},"end":{"line":114,"column":48}},{"start":{},"end":{}}],"line":114},"10":{"loc":{"start":{"line":130,"column":124},"end":{"line":130,"column":258}},"type":"cond-expr","locations":[{"start":{"line":130,"column":143},"end":{"line":130,"column":254}},{"start":{"line":130,"column":257},"end":{"line":130,"column":258}}],"line":130},"11":{"loc":{"start":{"line":131,"column":97},"end":{"line":131,"column":204}},"type":"cond-expr","locations":[{"start":{"line":131,"column":116},"end":{"line":131,"column":200}},{"start":{"line":131,"column":203},"end":{"line":131,"column":204}}],"line":131},"12":{"loc":{"start":{"line":132,"column":67},"end":{"line":132,"column":145}},"type":"cond-expr","locations":[{"start":{"line":132,"column":86},"end":{"line":132,"column":141}},{"start":{"line":132,"column":144},"end":{"line":132,"column":145}}],"line":132},"13":{"loc":{"start":{"line":143,"column":29},"end":{"line":145,"column":23}},"type":"cond-expr","locations":[{"start":{"line":144,"column":22},"end":{"line":144,"column":96}},{"start":{"line":145,"column":22},"end":{"line":145,"column":23}}],"line":143}},"s":{"0":3,"1":3,"2":3,"3":3,"4":0,"5":3,"6":0,"7":0,"8":0,"9":0,"10":0,"11":0,"12":0,"13":0,"14":0,"15":0,"16":0,"17":0,"18":0,"19":0,"20":0,"21":0,"22":0,"23":0,"24":0,"25":0,"26":0,"27":0,"28":0,"29":0,"30":0,"31":0,"32":0,"33":0,"34":0,"35":0,"36":0,"37":0,"38":0,"39":0,"40":0,"41":0,"42":0,"43":0,"44":0,"45":0,"46":0,"47":0,"48":0,"49":0,"50":0,"51":0,"52":0,"53":0,"54":0,"55":0,"56":0,"57":0,"58":0,"59":0,"60":0,"61":0,"62":0,"63":0,"64":3},"f":{"0":0,"1":0,"2":0,"3":0,"4":0,"5":0},"b":{"0":[0,0],"1":[0,0],"2":[0,0],"3":[0,0],"4":[0,0],"5":[0,0],"6":[0,0],"7":[0,0],"8":[0,0],"9":[0,0],"10":[0,0],"11":[0,0],"12":[0,0],"13":[0,0]},"_coverageSchema":"1a1c01bbd47fc00a2c39e90264f33305004495a9","hash":"73d92ec65c93236c8c1f7b771c95ffb1ec0649ee"}
,"C:\\Users\\HP\\Desktop\\FutureStack\\backend\\src\\routes\\documents.js": {"path":"C:\\Users\\HP\\Desktop\\FutureStack\\backend\\src\\routes\\documents.js","statementMap":{"0":{"start":{"line":1,"column":16},"end":{"line":1,"column":34}},"1":{"start":{"line":2,"column":15},"end":{"line":2,"column":32}},"2":{"start":{"line":3,"column":21},"end":{"line":3,"column":47}},"3":{"start":{"line":4,"column":21},"end":{"line":4,"column":54}},"4":{"start":{"line":12,"column":4},"end":{"line":12,"column":46}},"5":{"start":{"line":15,"column":26},"end":{"line":15,"column":33}},"6":{"start":{"line":17,"column":15},"end":{"line":17,"column":31}},"7":{"start":{"line":20,"column":22},"end":{"line":20,"column":37}},"8":{"start":{"line":22,"column":31},"end":{"line":22,"column":33}},"9":{"start":{"line":24,"column":27},"end":{"line":28,"column":1}},"10":{"start":{"line":31,"column":15},"end":{"line":41,"column":2}},"11":{"start":{"line":35,"column":8},"end":{"line":39,"column":9}},"12":{"start":{"line":36,"column":12},"end":{"line":36,"column":27}},"13":{"start":{"line":38,"column":12},"end":{"line":38,"column":78}},"14":{"start":{"line":49,"column":29},"end":{"line":49,"column":31}},"15":{"start":{"line":50,"column":24},"end":{"line":50,"column":101}},"16":{"start":{"line":51,"column":4},"end":{"line":55,"column":5}},"17":{"start":{"line":52,"column":8},"end":{"line":54,"column":9}},"18":{"start":{"line":53,"column":12},"end":{"line":53,"column":49}},"19":{"start":{"line":57,"column":4},"end":{"line":65,"column":8}},"20":{"start":{"line":73,"column":0},"end":{"line":135,"column":3}},"21":{"start":{"line":74,"column":4},"end":{"line":134,"column":5}},"22":{"start":{"line":75,"column":34},"end":{"line":75,"column":44}},"23":{"start":{"line":78,"column":47},"end":{"line":83,"column":21}},"24":{"start":{"line":85,"column":8},"end":{"line":92,"column":9}},"25":{"start":{"line":86,"column":12},"end":{"line":89,"column":13}},"26":{"start":{"line":87,"column":16},"end":{"line":87,"column":134}},"27":{"start":{"line":88,"column":16},"end":{"line":88,"column":80}},"28":{"start":{"line":90,"column":12},"end":{"line":90,"column":132}},"29":{"start":{"line":91,"column":12},"end":{"line":91,"column":27}},"30":{"start":{"line":94,"column":32},"end":{"line":100,"column":48}},"31":{"start":{"line":102,"column":8},"end":{"line":105,"column":9}},"32":{"start":{"line":103,"column":12},"end":{"line":103,"column":129}},"33":{"start":{"line":104,"column":12},"end":{"line":104,"column":24}},"34":{"start":{"line":108,"column":26},"end":{"line":127,"column":11}},"35":{"start":{"line":109,"column":24},"end":{"line":109,"column":38}},"36":{"start":{"line":112,"column":12},"end":{"line":121,"column":13}},"37":{"start":{"line":113,"column":45},"end":{"line":116,"column":73}},"38":{"start":{"line":118,"column":16},"end":{"line":120,"column":17}},"39":{"start":{"line":119,"column":20},"end":{"line":119,"column":56}},"40":{"start":{"line":123,"column":12},"end":{"line":126,"column":14}},"41":{"start":{"line":129,"column":8},"end":{"line":129,"column":127}},"42":{"start":{"line":130,"column":8},"end":{"line":130,"column":28}},"43":{"start":{"line":132,"column":8},"end":{"line":132,"column":88}},"44":{"start":{"line":133,"column":8},"end":{"line":133,"column":69}},"45":{"start":{"line":141,"column":0},"end":{"line":182,"column":3}},"46":{"start":{"line":142,"column":4},"end":{"line":181,"column":5}},"47":{"start":{"line":143,"column":32},"end":{"line":154,"column":54}},"48":{"start":{"line":156,"column":8},"end":{"line":159,"column":9}},"49":{"start":{"line":157,"column":12},"end":{"line":157,"column":108}},"50":{"start":{"line":158,"column":12},"end":{"line":158,"column":24}},"51":{"start":{"line":162,"column":39},"end":{"line":174,"column":11}},"52":{"start":{"line":163,"column":12},"end":{"line":172,"column":13}},"53":{"start":{"line":164,"column":45},"end":{"line":167,"column":73}},"54":{"start":{"line":169,"column":16},"end":{"line":171,"column":17}},"55":{"start":{"line":170,"column":20},"end":{"line":170,"column":56}},"56":{"start":{"line":173,"column":12},"end":{"line":173,"column":23}},"57":{"start":{"line":176,"column":8},"end":{"line":176,"column":101}},"58":{"start":{"line":177,"column":8},"end":{"line":177,"column":41}},"59":{"start":{"line":179,"column":8},"end":{"line":179,"column":76}},"60":{"start":{"line":180,"column":8},"end":{"line":180,"column":69}},"61":{"start":{"line":188,"column":0},"end":{"line":233,"column":3}},"62":{"start":{"line":189,"column":4},"end":{"line":232,"column":5}},"63":{"start":{"line":190,"column":23},"end":{"line":190,"column":33}},"64":{"start":{"line":192,"column":37},"end":{"line":204,"column":21}},"65":{"start":{"line":206,"column":8},"end":{"line":213,"column":9}},"66":{"start":{"line":207,"column":12},"end":{"line":210,"column":13}},"67":{"start":{"line":208,"column":16},"end":{"line":208,"column":110}},"68":{"start":{"line":209,"column":16},"end":{"line":209,"column":77}},"69":{"start":{"line":211,"column":12},"end":{"line":211,"column":105}},"70":{"start":{"line":212,"column":12},"end":{"line":212,"column":24}},"71":{"start":{"line":216,"column":8},"end":{"line":225,"column":9}},"72":{"start":{"line":217,"column":41},"end":{"line":220,"column":69}},"73":{"start":{"line":222,"column":12},"end":{"line":224,"column":13}},"74":{"start":{"line":223,"column":16},"end":{"line":223,"column":52}},"75":{"start":{"line":227,"column":8},"end":{"line":227,"column":74}},"76":{"start":{"line":228,"column":8},"end":{"line":228,"column":22}},"77":{"start":{"line":230,"column":8},"end":{"line":230,"column":75}},"78":{"start":{"line":231,"column":8},"end":{"line":231,"column":68}},"79":{"start":{"line":239,"column":0},"end":{"line":284,"column":3}},"80":{"start":{"line":240,"column":4},"end":{"line":283,"column":5}},"81":{"start":{"line":242,"column":45},"end":{"line":245,"column":51}},"82":{"start":{"line":247,"column":8},"end":{"line":250,"column":9}},"83":{"start":{"line":248,"column":12},"end":{"line":248,"column":72}},"84":{"start":{"line":249,"column":12},"end":{"line":249,"column":86}},"85":{"start":{"line":252,"column":8},"end":{"line":257,"column":9}},"86":{"start":{"line":253,"column":12},"end":{"line":256,"column":15}},"87":{"start":{"line":259,"column":70},"end":{"line":259,"column":78}},"88":{"start":{"line":261,"column":32},"end":{"line":273,"column":21}},"89":{"start":{"line":275,"column":8},"end":{"line":275,"column":31}},"90":{"start":{"line":275,"column":19},"end":{"line":275,"column":31}},"91":{"start":{"line":277,"column":8},"end":{"line":277,"column":91}},"92":{"start":{"line":279,"column":8},"end":{"line":279,"column":35}},"93":{"start":{"line":281,"column":8},"end":{"line":281,"column":75}},"94":{"start":{"line":282,"column":8},"end":{"line":282,"column":69}},"95":{"start":{"line":291,"column":0},"end":{"line":397,"column":3}},"96":{"start":{"line":292,"column":4},"end":{"line":396,"column":5}},"97":{"start":{"line":293,"column":8},"end":{"line":295,"column":9}},"98":{"start":{"line":294,"column":12},"end":{"line":294,"column":71}},"99":{"start":{"line":298,"column":45},"end":{"line":301,"column":51}},"100":{"start":{"line":303,"column":8},"end":{"line":306,"column":9}},"101":{"start":{"line":304,"column":12},"end":{"line":304,"column":72}},"102":{"start":{"line":305,"column":12},"end":{"line":305,"column":86}},"103":{"start":{"line":308,"column":8},"end":{"line":313,"column":9}},"104":{"start":{"line":309,"column":12},"end":{"line":312,"column":15}},"105":{"start":{"line":315,"column":47},"end":{"line":315,"column":55}},"106":{"start":{"line":316,"column":27},"end":{"line":316,"column":75}},"107":{"start":{"line":318,"column":8},"end":{"line":320,"column":9}},"108":{"start":{"line":319,"column":12},"end":{"line":319,"column":81}},"109":{"start":{"line":322,"column":8},"end":{"line":327,"column":9}},"110":{"start":{"line":323,"column":12},"end":{"line":326,"column":15}},"111":{"start":{"line":330,"column":26},"end":{"line":330,"column":36}},"112":{"start":{"line":331,"column":30},"end":{"line":331,"column":83}},"113":{"start":{"line":332,"column":28},"end":{"line":332,"column":86}},"114":{"start":{"line":335,"column":39},"end":{"line":341,"column":14}},"115":{"start":{"line":343,"column":8},"end":{"line":347,"column":9}},"116":{"start":{"line":345,"column":12},"end":{"line":345,"column":109}},"117":{"start":{"line":346,"column":12},"end":{"line":346,"column":76}},"118":{"start":{"line":351,"column":63},"end":{"line":354,"column":60}},"119":{"start":{"line":356,"column":8},"end":{"line":361,"column":9}},"120":{"start":{"line":358,"column":12},"end":{"line":358,"column":75}},"121":{"start":{"line":359,"column":12},"end":{"line":359,"column":98}},"122":{"start":{"line":360,"column":12},"end":{"line":360,"column":91}},"123":{"start":{"line":365,"column":32},"end":{"line":379,"column":21}},"124":{"start":{"line":381,"column":8},"end":{"line":385,"column":9}},"125":{"start":{"line":383,"column":12},"end":{"line":383,"column":75}},"126":{"start":{"line":384,"column":12},"end":{"line":384,"column":24}},"127":{"start":{"line":387,"column":8},"end":{"line":390,"column":11}},"128":{"start":{"line":392,"column":8},"end":{"line":392,"column":35}},"129":{"start":{"line":394,"column":8},"end":{"line":394,"column":76}},"130":{"start":{"line":395,"column":8},"end":{"line":395,"column":69}},"131":{"start":{"line":403,"column":0},"end":{"line":440,"column":3}},"132":{"start":{"line":404,"column":4},"end":{"line":439,"column":5}},"133":{"start":{"line":405,"column":23},"end":{"line":405,"column":33}},"134":{"start":{"line":406,"column":70},"end":{"line":406,"column":78}},"135":{"start":{"line":408,"column":27},"end":{"line":408,"column":29}},"136":{"start":{"line":409,"column":8},"end":{"line":409,"column":55}},"137":{"start":{"line":409,"column":32},"end":{"line":409,"column":55}},"138":{"start":{"line":410,"column":8},"end":{"line":410,"column":55}},"139":{"start":{"line":410,"column":32},"end":{"line":410,"column":55}},"140":{"start":{"line":411,"column":8},"end":{"line":411,"column":67}},"141":{"start":{"line":411,"column":36},"end":{"line":411,"column":67}},"142":{"start":{"line":412,"column":8},"end":{"line":412,"column":64}},"143":{"start":{"line":412,"column":35},"end":{"line":412,"column":64}},"144":{"start":{"line":413,"column":8},"end":{"line":413,"column":58}},"145":{"start":{"line":413,"column":33},"end":{"line":413,"column":58}},"146":{"start":{"line":414,"column":8},"end":{"line":414,"column":76}},"147":{"start":{"line":414,"column":39},"end":{"line":414,"column":76}},"148":{"start":{"line":416,"column":32},"end":{"line":422,"column":21}},"149":{"start":{"line":424,"column":8},"end":{"line":429,"column":9}},"150":{"start":{"line":425,"column":12},"end":{"line":427,"column":13}},"151":{"start":{"line":426,"column":16},"end":{"line":426,"column":77}},"152":{"start":{"line":428,"column":12},"end":{"line":428,"column":24}},"153":{"start":{"line":431,"column":8},"end":{"line":433,"column":11}},"154":{"start":{"line":435,"column":8},"end":{"line":435,"column":23}},"155":{"start":{"line":437,"column":8},"end":{"line":437,"column":75}},"156":{"start":{"line":438,"column":8},"end":{"line":438,"column":69}},"157":{"start":{"line":446,"column":0},"end":{"line":494,"column":3}},"158":{"start":{"line":447,"column":4},"end":{"line":493,"column":5}},"159":{"start":{"line":448,"column":23},"end":{"line":448,"column":33}},"160":{"start":{"line":451,"column":49},"end":{"line":456,"column":21}},"161":{"start":{"line":458,"column":8},"end":{"line":463,"column":9}},"162":{"start":{"line":459,"column":12},"end":{"line":461,"column":13}},"163":{"start":{"line":460,"column":16},"end":{"line":460,"column":77}},"164":{"start":{"line":462,"column":12},"end":{"line":462,"column":29}},"165":{"start":{"line":466,"column":8},"end":{"line":476,"column":9}},"166":{"start":{"line":467,"column":44},"end":{"line":470,"column":43}},"167":{"start":{"line":472,"column":12},"end":{"line":475,"column":13}},"168":{"start":{"line":473,"column":16},"end":{"line":473,"column":93}},"169":{"start":{"line":479,"column":26},"end":{"line":483,"column":51}},"170":{"start":{"line":485,"column":8},"end":{"line":485,"column":31}},"171":{"start":{"line":485,"column":19},"end":{"line":485,"column":31}},"172":{"start":{"line":487,"column":8},"end":{"line":487,"column":76}},"173":{"start":{"line":489,"column":8},"end":{"line":489,"column":65}},"174":{"start":{"line":491,"column":8},"end":{"line":491,"column":75}},"175":{"start":{"line":492,"column":8},"end":{"line":492,"column":69}},"176":{"start":{"line":500,"column":0},"end":{"line":566,"column":3}},"177":{"start":{"line":501,"column":4},"end":{"line":565,"column":5}},"178":{"start":{"line":502,"column":23},"end":{"line":502,"column":33}},"179":{"start":{"line":503,"column":35},"end":{"line":503,"column":43}},"180":{"start":{"line":506,"column":36},"end":{"line":511,"column":21}},"181":{"start":{"line":513,"column":8},"end":{"line":518,"column":9}},"182":{"start":{"line":514,"column":12},"end":{"line":516,"column":13}},"183":{"start":{"line":515,"column":16},"end":{"line":515,"column":77}},"184":{"start":{"line":517,"column":12},"end":{"line":517,"column":27}},"185":{"start":{"line":521,"column":47},"end":{"line":526,"column":21}},"186":{"start":{"line":528,"column":8},"end":{"line":533,"column":9}},"187":{"start":{"line":529,"column":12},"end":{"line":531,"column":13}},"188":{"start":{"line":530,"column":16},"end":{"line":530,"column":80}},"189":{"start":{"line":532,"column":12},"end":{"line":532,"column":27}},"190":{"start":{"line":536,"column":8},"end":{"line":540,"column":9}},"191":{"start":{"line":537,"column":12},"end":{"line":539,"column":15}},"192":{"start":{"line":543,"column":32},"end":{"line":550,"column":21}},"193":{"start":{"line":552,"column":8},"end":{"line":557,"column":9}},"194":{"start":{"line":553,"column":12},"end":{"line":555,"column":13}},"195":{"start":{"line":554,"column":16},"end":{"line":554,"column":102}},"196":{"start":{"line":556,"column":12},"end":{"line":556,"column":24}},"197":{"start":{"line":559,"column":8},"end":{"line":559,"column":96}},"198":{"start":{"line":561,"column":8},"end":{"line":561,"column":35}},"199":{"start":{"line":563,"column":8},"end":{"line":563,"column":76}},"200":{"start":{"line":564,"column":8},"end":{"line":564,"column":69}},"201":{"start":{"line":572,"column":0},"end":{"line":616,"column":3}},"202":{"start":{"line":573,"column":4},"end":{"line":615,"column":5}},"203":{"start":{"line":574,"column":38},"end":{"line":574,"column":48}},"204":{"start":{"line":577,"column":49},"end":{"line":582,"column":21}},"205":{"start":{"line":584,"column":8},"end":{"line":591,"column":9}},"206":{"start":{"line":585,"column":12},"end":{"line":587,"column":13}},"207":{"start":{"line":586,"column":16},"end":{"line":586,"column":77}},"208":{"start":{"line":589,"column":12},"end":{"line":589,"column":95}},"209":{"start":{"line":590,"column":12},"end":{"line":590,"column":90}},"210":{"start":{"line":593,"column":8},"end":{"line":595,"column":9}},"211":{"start":{"line":594,"column":12},"end":{"line":594,"column":73}},"212":{"start":{"line":597,"column":33},"end":{"line":601,"column":48}},"213":{"start":{"line":603,"column":8},"end":{"line":603,"column":31}},"214":{"start":{"line":603,"column":19},"end":{"line":603,"column":31}},"215":{"start":{"line":605,"column":8},"end":{"line":607,"column":9}},"216":{"start":{"line":606,"column":12},"end":{"line":606,"column":69}},"217":{"start":{"line":609,"column":8},"end":{"line":609,"column":113}},"218":{"start":{"line":611,"column":8},"end":{"line":611,"column":66}},"219":{"start":{"line":613,"column":8},"end":{"line":613,"column":78}},"220":{"start":{"line":614,"column":8},"end":{"line":614,"column":71}},"221":{"start":{"line":620,"column":0},"end":{"line":644,"column":3}},"222":{"start":{"line":621,"column":4},"end":{"line":633,"column":5}},"223":{"start":{"line":622,"column":8},"end":{"line":627,"column":9}},"224":{"start":{"line":623,"column":12},"end":{"line":626,"column":15}},"225":{"start":{"line":629,"column":8},"end":{"line":632,"column":11}},"226":{"start":{"line":634,"column":4},"end":{"line":636,"column":5}},"227":{"start":{"line":635,"column":8},"end":{"line":635,"column":62}},"228":{"start":{"line":639,"column":4},"end":{"line":639,"column":92}},"229":{"start":{"line":640,"column":4},"end":{"line":643,"column":7}},"230":{"start":{"line":646,"column":0},"end":{"line":646,"column":24}}},"fnMap":{"0":{"name":"(anonymous_0)","decl":{"start":{"line":34,"column":16},"end":{"line":34,"column":17}},"loc":{"start":{"line":34,"column":35},"end":{"line":40,"column":5}},"line":34},"1":{"name":"logAudit","decl":{"start":{"line":47,"column":9},"end":{"line":47,"column":17}},"loc":{"start":{"line":47,"column":88},"end":{"line":66,"column":1}},"line":47},"2":{"name":"(anonymous_2)","decl":{"start":{"line":73,"column":91},"end":{"line":73,"column":92}},"loc":{"start":{"line":73,"column":111},"end":{"line":135,"column":1}},"line":73},"3":{"name":"(anonymous_3)","decl":{"start":{"line":108,"column":53},"end":{"line":108,"column":54}},"loc":{"start":{"line":108,"column":69},"end":{"line":127,"column":9}},"line":108},"4":{"name":"(anonymous_4)","decl":{"start":{"line":141,"column":16},"end":{"line":141,"column":17}},"loc":{"start":{"line":141,"column":36},"end":{"line":182,"column":1}},"line":141},"5":{"name":"(anonymous_5)","decl":{"start":{"line":162,"column":66},"end":{"line":162,"column":67}},"loc":{"start":{"line":162,"column":81},"end":{"line":174,"column":9}},"line":162},"6":{"name":"(anonymous_6)","decl":{"start":{"line":188,"column":62},"end":{"line":188,"column":63}},"loc":{"start":{"line":188,"column":82},"end":{"line":233,"column":1}},"line":188},"7":{"name":"(anonymous_7)","decl":{"start":{"line":239,"column":49},"end":{"line":239,"column":50}},"loc":{"start":{"line":239,"column":69},"end":{"line":284,"column":1}},"line":239},"8":{"name":"(anonymous_8)","decl":{"start":{"line":291,"column":46},"end":{"line":291,"column":47}},"loc":{"start":{"line":291,"column":66},"end":{"line":397,"column":1}},"line":291},"9":{"name":"(anonymous_9)","decl":{"start":{"line":403,"column":96},"end":{"line":403,"column":97}},"loc":{"start":{"line":403,"column":116},"end":{"line":440,"column":1}},"line":403},"10":{"name":"(anonymous_10)","decl":{"start":{"line":446,"column":65},"end":{"line":446,"column":66}},"loc":{"start":{"line":446,"column":85},"end":{"line":494,"column":1}},"line":446},"11":{"name":"(anonymous_11)","decl":{"start":{"line":500,"column":102},"end":{"line":500,"column":103}},"loc":{"start":{"line":500,"column":122},"end":{"line":566,"column":1}},"line":500},"12":{"name":"(anonymous_12)","decl":{"start":{"line":572,"column":96},"end":{"line":572,"column":97}},"loc":{"start":{"line":572,"column":116},"end":{"line":616,"column":1}},"line":572},"13":{"name":"(anonymous_13)","decl":{"start":{"line":620,"column":11},"end":{"line":620,"column":12}},"loc":{"start":{"line":620,"column":38},"end":{"line":644,"column":1}},"line":620}},"branchMap":{"0":{"loc":{"start":{"line":35,"column":8},"end":{"line":39,"column":9}},"type":"if","locations":[{"start":{"line":35,"column":8},"end":{"line":39,"column":9}},{"start":{"line":37,"column":15},"end":{"line":39,"column":9}}],"line":35},"1":{"loc":{"start":{"line":47,"column":34},"end":{"line":47,"column":51}},"type":"default-arg","locations":[{"start":{"line":47,"column":47},"end":{"line":47,"column":51}}],"line":47},"2":{"loc":{"start":{"line":47,"column":53},"end":{"line":47,"column":72}},"type":"default-arg","locations":[{"start":{"line":47,"column":63},"end":{"line":47,"column":72}}],"line":47},"3":{"loc":{"start":{"line":47,"column":74},"end":{"line":47,"column":86}},"type":"default-arg","locations":[{"start":{"line":47,"column":84},"end":{"line":47,"column":86}}],"line":47},"4":{"loc":{"start":{"line":52,"column":8},"end":{"line":54,"column":9}},"type":"if","locations":[{"start":{"line":52,"column":8},"end":{"line":54,"column":9}},{"start":{},"end":{}}],"line":52},"5":{"loc":{"start":{"line":85,"column":8},"end":{"line":92,"column":9}},"type":"if","locations":[{"start":{"line":85,"column":8},"end":{"line":92,"column":9}},{"start":{},"end":{}}],"line":85},"6":{"loc":{"start":{"line":86,"column":12},"end":{"line":89,"column":13}},"type":"if","locations":[{"start":{"line":86,"column":12},"end":{"line":89,"column":13}},{"start":{},"end":{}}],"line":86},"7":{"loc":{"start":{"line":102,"column":8},"end":{"line":105,"column":9}},"type":"if","locations":[{"start":{"line":102,"column":8},"end":{"line":105,"column":9}},{"start":{},"end":{}}],"line":102},"8":{"loc":{"start":{"line":112,"column":12},"end":{"line":121,"column":13}},"type":"if","locations":[{"start":{"line":112,"column":12},"end":{"line":121,"column":13}},{"start":{},"end":{}}],"line":112},"9":{"loc":{"start":{"line":112,"column":16},"end":{"line":112,"column":52}},"type":"binary-expr","locations":[{"start":{"line":112,"column":16},"end":{"line":112,"column":32}},{"start":{"line":112,"column":36},"end":{"line":112,"column":52}}],"line":112},"10":{"loc":{"start":{"line":118,"column":16},"end":{"line":120,"column":17}},"type":"if","locations":[{"start":{"line":118,"column":16},"end":{"line":120,"column":17}},{"start":{},"end":{}}],"line":118},"11":{"loc":{"start":{"line":132,"column":63},"end":{"line":132,"column":86}},"type":"binary-expr","locations":[{"start":{"line":132,"column":63},"end":{"line":132,"column":73}},{"start":{"line":132,"column":77},"end":{"line":132,"column":86}}],"line":132},"12":{"loc":{"start":{"line":156,"column":8},"end":{"line":159,"column":9}},"type":"if","locations":[{"start":{"line":156,"column":8},"end":{"line":159,"column":9}},{"start":{},"end":{}}],"line":156},"13":{"loc":{"start":{"line":163,"column":12},"end":{"line":172,"column":13}},"type":"if","locations":[{"start":{"line":163,"column":12},"end":{"line":172,"column":13}},{"start":{},"end":{}}],"line":163},"14":{"loc":{"start":{"line":163,"column":16},"end":{"line":163,"column":52}},"type":"binary-expr","locations":[{"start":{"line":163,"column":16},"end":{"line":163,"column":32}},{"start":{"line":163,"column":36},"end":{"line":163,"column":52}}],"line":163},"15":{"loc":{"start":{"line":169,"column":16},"end":{"line":171,"column":17}},"type":"if","locations":[{"start":{"line":169,"column":16},"end":{"line":171,"column":17}},{"start":{},"end":{}}],"line":169},"16":{"loc":{"start":{"line":179,"column":51},"end":{"line":179,"column":74}},"type":"binary-expr","locations":[{"start":{"line":179,"column":51},"end":{"line":179,"column":61}},{"start":{"line":179,"column":65},"end":{"line":179,"column":74}}],"line":179},"17":{"loc":{"start":{"line":206,"column":8},"end":{"line":213,"column":9}},"type":"if","locations":[{"start":{"line":206,"column":8},"end":{"line":213,"column":9}},{"start":{},"end":{}}],"line":206},"18":{"loc":{"start":{"line":207,"column":12},"end":{"line":210,"column":13}},"type":"if","locations":[{"start":{"line":207,"column":12},"end":{"line":210,"column":13}},{"start":{},"end":{}}],"line":207},"19":{"loc":{"start":{"line":216,"column":8},"end":{"line":225,"column":9}},"type":"if","locations":[{"start":{"line":216,"column":8},"end":{"line":225,"column":9}},{"start":{},"end":{}}],"line":216},"20":{"loc":{"start":{"line":216,"column":12},"end":{"line":216,"column":48}},"type":"binary-expr","locations":[{"start":{"line":216,"column":12},"end":{"line":216,"column":28}},{"start":{"line":216,"column":32},"end":{"line":216,"column":48}}],"line":216},"21":{"loc":{"start":{"line":222,"column":12},"end":{"line":224,"column":13}},"type":"if","locations":[{"start":{"line":222,"column":12},"end":{"line":224,"column":13}},{"start":{},"end":{}}],"line":222},"22":{"loc":{"start":{"line":230,"column":50},"end":{"line":230,"column":73}},"type":"binary-expr","locations":[{"start":{"line":230,"column":50},"end":{"line":230,"column":60}},{"start":{"line":230,"column":64},"end":{"line":230,"column":73}}],"line":230},"23":{"loc":{"start":{"line":247,"column":8},"end":{"line":250,"column":9}},"type":"if","locations":[{"start":{"line":247,"column":8},"end":{"line":250,"column":9}},{"start":{},"end":{}}],"line":247},"24":{"loc":{"start":{"line":252,"column":8},"end":{"line":257,"column":9}},"type":"if","locations":[{"start":{"line":252,"column":8},"end":{"line":257,"column":9}},{"start":{},"end":{}}],"line":252},"25":{"loc":{"start":{"line":267,"column":26},"end":{"line":267,"column":42}},"type":"binary-expr","locations":[{"start":{"line":267,"column":26},"end":{"line":267,"column":34}},{"start":{"line":267,"column":38},"end":{"line":267,"column":42}}],"line":267},"26":{"loc":{"start":{"line":268,"column":25},"end":{"line":268,"column":40}},"type":"binary-expr","locations":[{"start":{"line":268,"column":25},"end":{"line":268,"column":32}},{"start":{"line":268,"column":36},"end":{"line":268,"column":40}}],"line":268},"27":{"loc":{"start":{"line":269,"column":23},"end":{"line":269,"column":36}},"type":"binary-expr","locations":[{"start":{"line":269,"column":23},"end":{"line":269,"column":28}},{"start":{"line":269,"column":32},"end":{"line":269,"column":36}}],"line":269},"28":{"loc":{"start":{"line":270,"column":29},"end":{"line":270,"column":75}},"type":"cond-expr","locations":[{"start":{"line":270,"column":57},"end":{"line":270,"column":68}},{"start":{"line":270,"column":71},"end":{"line":270,"column":75}}],"line":270},"29":{"loc":{"start":{"line":275,"column":8},"end":{"line":275,"column":31}},"type":"if","locations":[{"start":{"line":275,"column":8},"end":{"line":275,"column":31}},{"start":{},"end":{}}],"line":275},"30":{"loc":{"start":{"line":281,"column":50},"end":{"line":281,"column":73}},"type":"binary-expr","locations":[{"start":{"line":281,"column":50},"end":{"line":281,"column":60}},{"start":{"line":281,"column":64},"end":{"line":281,"column":73}}],"line":281},"31":{"loc":{"start":{"line":293,"column":8},"end":{"line":295,"column":9}},"type":"if","locations":[{"start":{"line":293,"column":8},"end":{"line":295,"column":9}},{"start":{},"end":{}}],"line":293},"32":{"loc":{"start":{"line":303,"column":8},"end":{"line":306,"column":9}},"type":"if","locations":[{"start":{"line":303,"column":8},"end":{"line":306,"column":9}},{"start":{},"end":{}}],"line":303},"33":{"loc":{"start":{"line":308,"column":8},"end":{"line":313,"column":9}},"type":"if","locations":[{"start":{"line":308,"column":8},"end":{"line":313,"column":9}},{"start":{},"end":{}}],"line":308},"34":{"loc":{"start":{"line":318,"column":8},"end":{"line":320,"column":9}},"type":"if","locations":[{"start":{"line":318,"column":8},"end":{"line":320,"column":9}},{"start":{},"end":{}}],"line":318},"35":{"loc":{"start":{"line":318,"column":12},"end":{"line":318,"column":26}},"type":"binary-expr","locations":[{"start":{"line":318,"column":12},"end":{"line":318,"column":17}},{"start":{"line":318,"column":21},"end":{"line":318,"column":26}}],"line":318},"36":{"loc":{"start":{"line":322,"column":8},"end":{"line":327,"column":9}},"type":"if","locations":[{"start":{"line":322,"column":8},"end":{"line":327,"column":9}},{"start":{},"end":{}}],"line":322},"37":{"loc":{"start":{"line":343,"column":8},"end":{"line":347,"column":9}},"type":"if","locations":[{"start":{"line":343,"column":8},"end":{"line":347,"column":9}},{"start":{},"end":{}}],"line":343},"38":{"loc":{"start":{"line":345,"column":51},"end":{"line":345,"column":107}},"type":"binary-expr","locations":[{"start":{"line":345,"column":51},"end":{"line":345,"column":73}},{"start":{"line":345,"column":77},"end":{"line":345,"column":94}},{"start":{"line":345,"column":98},"end":{"line":345,"column":107}}],"line":345},"39":{"loc":{"start":{"line":356,"column":8},"end":{"line":361,"column":9}},"type":"if","locations":[{"start":{"line":356,"column":8},"end":{"line":361,"column":9}},{"start":{},"end":{}}],"line":356},"40":{"loc":{"start":{"line":359,"column":58},"end":{"line":359,"column":96}},"type":"binary-expr","locations":[{"start":{"line":359,"column":58},"end":{"line":359,"column":83}},{"start":{"line":359,"column":87},"end":{"line":359,"column":96}}],"line":359},"41":{"loc":{"start":{"line":374,"column":25},"end":{"line":374,"column":40}},"type":"binary-expr","locations":[{"start":{"line":374,"column":25},"end":{"line":374,"column":32}},{"start":{"line":374,"column":36},"end":{"line":374,"column":40}}],"line":374},"42":{"loc":{"start":{"line":375,"column":23},"end":{"line":375,"column":36}},"type":"binary-expr","locations":[{"start":{"line":375,"column":23},"end":{"line":375,"column":28}},{"start":{"line":375,"column":32},"end":{"line":375,"column":36}}],"line":375},"43":{"loc":{"start":{"line":381,"column":8},"end":{"line":385,"column":9}},"type":"if","locations":[{"start":{"line":381,"column":8},"end":{"line":385,"column":9}},{"start":{},"end":{}}],"line":381},"44":{"loc":{"start":{"line":394,"column":51},"end":{"line":394,"column":74}},"type":"binary-expr","locations":[{"start":{"line":394,"column":51},"end":{"line":394,"column":61}},{"start":{"line":394,"column":65},"end":{"line":394,"column":74}}],"line":394},"45":{"loc":{"start":{"line":409,"column":8},"end":{"line":409,"column":55}},"type":"if","locations":[{"start":{"line":409,"column":8},"end":{"line":409,"column":55}},{"start":{},"end":{}}],"line":409},"46":{"loc":{"start":{"line":410,"column":8},"end":{"line":410,"column":55}},"type":"if","locations":[{"start":{"line":410,"column":8},"end":{"line":410,"column":55}},{"start":{},"end":{}}],"line":410},"47":{"loc":{"start":{"line":411,"column":8},"end":{"line":411,"column":67}},"type":"if","locations":[{"start":{"line":411,"column":8},"end":{"line":411,"column":67}},{"start":{},"end":{}}],"line":411},"48":{"loc":{"start":{"line":412,"column":8},"end":{"line":412,"column":64}},"type":"if","locations":[{"start":{"line":412,"column":8},"end":{"line":412,"column":64}},{"start":{},"end":{}}],"line":412},"49":{"loc":{"start":{"line":413,"column":8},"end":{"line":413,"column":58}},"type":"if","locations":[{"start":{"line":413,"column":8},"end":{"line":413,"column":58}},{"start":{},"end":{}}],"line":413},"50":{"loc":{"start":{"line":414,"column":8},"end":{"line":414,"column":76}},"type":"if","locations":[{"start":{"line":414,"column":8},"end":{"line":414,"column":76}},{"start":{},"end":{}}],"line":414},"51":{"loc":{"start":{"line":424,"column":8},"end":{"line":429,"column":9}},"type":"if","locations":[{"start":{"line":424,"column":8},"end":{"line":429,"column":9}},{"start":{},"end":{}}],"line":424},"52":{"loc":{"start":{"line":425,"column":12},"end":{"line":427,"column":13}},"type":"if","locations":[{"start":{"line":425,"column":12},"end":{"line":427,"column":13}},{"start":{},"end":{}}],"line":425},"53":{"loc":{"start":{"line":437,"column":50},"end":{"line":437,"column":73}},"type":"binary-expr","locations":[{"start":{"line":437,"column":50},"end":{"line":437,"column":60}},{"start":{"line":437,"column":64},"end":{"line":437,"column":73}}],"line":437},"54":{"loc":{"start":{"line":458,"column":8},"end":{"line":463,"column":9}},"type":"if","locations":[{"start":{"line":458,"column":8},"end":{"line":463,"column":9}},{"start":{},"end":{}}],"line":458},"55":{"loc":{"start":{"line":459,"column":12},"end":{"line":461,"column":13}},"type":"if","locations":[{"start":{"line":459,"column":12},"end":{"line":461,"column":13}},{"start":{},"end":{}}],"line":459},"56":{"loc":{"start":{"line":466,"column":8},"end":{"line":476,"column":9}},"type":"if","locations":[{"start":{"line":466,"column":8},"end":{"line":476,"column":9}},{"start":{},"end":{}}],"line":466},"57":{"loc":{"start":{"line":466,"column":12},"end":{"line":466,"column":48}},"type":"binary-expr","locations":[{"start":{"line":466,"column":12},"end":{"line":466,"column":28}},{"start":{"line":466,"column":32},"end":{"line":466,"column":48}}],"line":466},"58":{"loc":{"start":{"line":472,"column":12},"end":{"line":475,"column":13}},"type":"if","locations":[{"start":{"line":472,"column":12},"end":{"line":475,"column":13}},{"start":{},"end":{}}],"line":472},"59":{"loc":{"start":{"line":473,"column":55},"end":{"line":473,"column":91}},"type":"binary-expr","locations":[{"start":{"line":473,"column":55},"end":{"line":473,"column":78}},{"start":{"line":473,"column":82},"end":{"line":473,"column":91}}],"line":473},"60":{"loc":{"start":{"line":485,"column":8},"end":{"line":485,"column":31}},"type":"if","locations":[{"start":{"line":485,"column":8},"end":{"line":485,"column":31}},{"start":{},"end":{}}],"line":485},"61":{"loc":{"start":{"line":491,"column":50},"end":{"line":491,"column":73}},"type":"binary-expr","locations":[{"start":{"line":491,"column":50},"end":{"line":491,"column":60}},{"start":{"line":491,"column":64},"end":{"line":491,"column":73}}],"line":491},"62":{"loc":{"start":{"line":513,"column":8},"end":{"line":518,"column":9}},"type":"if","locations":[{"start":{"line":513,"column":8},"end":{"line":518,"column":9}},{"start":{},"end":{}}],"line":513},"63":{"loc":{"start":{"line":514,"column":12},"end":{"line":516,"column":13}},"type":"if","locations":[{"start":{"line":514,"column":12},"end":{"line":516,"column":13}},{"start":{},"end":{}}],"line":514},"64":{"loc":{"start":{"line":528,"column":8},"end":{"line":533,"column":9}},"type":"if","locations":[{"start":{"line":528,"column":8},"end":{"line":533,"column":9}},{"start":{},"end":{}}],"line":528},"65":{"loc":{"start":{"line":529,"column":12},"end":{"line":531,"column":13}},"type":"if","locations":[{"start":{"line":529,"column":12},"end":{"line":531,"column":13}},{"start":{},"end":{}}],"line":529},"66":{"loc":{"start":{"line":536,"column":8},"end":{"line":540,"column":9}},"type":"if","locations":[{"start":{"line":536,"column":8},"end":{"line":540,"column":9}},{"start":{},"end":{}}],"line":536},"67":{"loc":{"start":{"line":552,"column":8},"end":{"line":557,"column":9}},"type":"if","locations":[{"start":{"line":552,"column":8},"end":{"line":557,"column":9}},{"start":{},"end":{}}],"line":552},"68":{"loc":{"start":{"line":553,"column":12},"end":{"line":555,"column":13}},"type":"if","locations":[{"start":{"line":553,"column":12},"end":{"line":555,"column":13}},{"start":{},"end":{}}],"line":553},"69":{"loc":{"start":{"line":563,"column":51},"end":{"line":563,"column":74}},"type":"binary-expr","locations":[{"start":{"line":563,"column":51},"end":{"line":563,"column":61}},{"start":{"line":563,"column":65},"end":{"line":563,"column":74}}],"line":563},"70":{"loc":{"start":{"line":584,"column":8},"end":{"line":591,"column":9}},"type":"if","locations":[{"start":{"line":584,"column":8},"end":{"line":591,"column":9}},{"start":{},"end":{}}],"line":584},"71":{"loc":{"start":{"line":585,"column":12},"end":{"line":587,"column":13}},"type":"if","locations":[{"start":{"line":585,"column":12},"end":{"line":587,"column":13}},{"start":{},"end":{}}],"line":585},"72":{"loc":{"start":{"line":589,"column":65},"end":{"line":589,"column":93}},"type":"binary-expr","locations":[{"start":{"line":589,"column":65},"end":{"line":589,"column":80}},{"start":{"line":589,"column":84},"end":{"line":589,"column":93}}],"line":589},"73":{"loc":{"start":{"line":593,"column":8},"end":{"line":595,"column":9}},"type":"if","locations":[{"start":{"line":593,"column":8},"end":{"line":595,"column":9}},{"start":{},"end":{}}],"line":593},"74":{"loc":{"start":{"line":603,"column":8},"end":{"line":603,"column":31}},"type":"if","locations":[{"start":{"line":603,"column":8},"end":{"line":603,"column":31}},{"start":{},"end":{}}],"line":603},"75":{"loc":{"start":{"line":605,"column":8},"end":{"line":607,"column":9}},"type":"if","locations":[{"start":{"line":605,"column":8},"end":{"line":607,"column":9}},{"start":{},"end":{}}],"line":605},"76":{"loc":{"start":{"line":613,"column":53},"end":{"line":613,"column":76}},"type":"binary-expr","locations":[{"start":{"line":613,"column":53},"end":{"line":613,"column":63}},{"start":{"line":613,"column":67},"end":{"line":613,"column":76}}],"line":613},"77":{"loc":{"start":{"line":621,"column":4},"end":{"line":633,"column":5}},"type":"if","locations":[{"start":{"line":621,"column":4},"end":{"line":633,"column":5}},{"start":{},"end":{}}],"line":621},"78":{"loc":{"start":{"line":622,"column":8},"end":{"line":627,"column":9}},"type":"if","locations":[{"start":{"line":622,"column":8},"end":{"line":627,"column":9}},{"start":{},"end":{}}],"line":622},"79":{"loc":{"start":{"line":634,"column":4},"end":{"line":636,"column":5}},"type":"if","locations":[{"start":{"line":634,"column":4},"end":{"line":636,"column":5}},{"start":{},"end":{}}],"line":634},"80":{"loc":{"start":{"line":639,"column":53},"end":{"line":639,"column":90}},"type":"binary-expr","locations":[{"start":{"line":639,"column":53},"end":{"line":639,"column":63}},{"start":{"line":639,"column":67},"end":{"line":639,"column":77}},{"start":{"line":639,"column":81},"end":{"line":639,"column":90}}],"line":639}},"s":{"0":3,"1":3,"2":3,"3":3,"4":3,"5":3,"6":3,"7":3,"8":3,"9":3,"10":3,"11":0,"12":0,"13":0,"14":2,"15":2,"16":2,"17":12,"18":2,"19":2,"20":3,"21":0,"22":0,"23":0,"24":0,"25":0,"26":0,"27":0,"28":0,"29":0,"30":0,"31":0,"32":0,"33":0,"34":0,"35":0,"36":0,"37":0,"38":0,"39":0,"40":0,"41":0,"42":0,"43":0,"44":0,"45":3,"46":1,"47":1,"48":1,"49":0,"50":0,"51":1,"52":1,"53":0,"54":0,"55":0,"56":1,"57":1,"58":1,"59":0,"60":0,"61":3,"62":0,"63":0,"64":0,"65":0,"66":0,"67":0,"68":0,"69":0,"70":0,"71":0,"72":0,"73":0,"74":0,"75":0,"76":0,"77":0,"78":0,"79":3,"80":1,"81":1,"82":1,"83":0,"84":0,"85":1,"86":0,"87":1,"88":1,"89":1,"90":0,"91":1,"92":1,"93":0,"94":0,"95":3,"96":0,"97":0,"98":0,"99":0,"100":0,"101":0,"102":0,"103":0,"104":0,"105":0,"106":0,"107":0,"108":0,"109":0,"110":0,"111":0,"112":0,"113":0,"114":0,"115":0,"116":0,"117":0,"118":0,"119":0,"120":0,"121":0,"122":0,"123":0,"124":0,"125":0,"126":0,"127":0,"128":0,"129":0,"130":0,"131":3,"132":0,"133":0,"134":0,"135":0,"136":0,"137":0,"138":0,"139":0,"140":0,"141":0,"142":0,"143":0,"144":0,"145":0,"146":0,"147":0,"148":0,"149":0,"150":0,"151":0,"152":0,"153":0,"154":0,"155":0,"156":0,"157":3,"158":0,"159":0,"160":0,"161":0,"162":0,"163":0,"164":0,"165":0,"166":0,"167":0,"168":0,"169":0,"170":0,"171":0,"172":0,"173":0,"174":0,"175":0,"176":3,"177":0,"178":0,"179":0,"180":0,"181":0,"182":0,"183":0,"184":0,"185":0,"186":0,"187":0,"188":0,"189":0,"190":0,"191":0,"192":0,"193":0,"194":0,"195":0,"196":0,"197":0,"198":0,"199":0,"200":0,"201":3,"202":0,"203":0,"204":0,"205":0,"206":0,"207":0,"208":0,"209":0,"210":0,"211":0,"212":0,"213":0,"214":0,"215":0,"216":0,"217":0,"218":0,"219":0,"220":0,"221":3,"222":0,"223":0,"224":0,"225":0,"226":0,"227":0,"228":0,"229":0,"230":3},"f":{"0":0,"1":2,"2":0,"3":0,"4":1,"5":1,"6":0,"7":1,"8":0,"9":0,"10":0,"11":0,"12":0,"13":0},"b":{"0":[0,0],"1":[0],"2":[0],"3":[0],"4":[2,10],"5":[0,0],"6":[0,0],"7":[0,0],"8":[0,0],"9":[0,0],"10":[0,0],"11":[0,0],"12":[0,1],"13":[0,1],"14":[1,0],"15":[0,0],"16":[0,0],"17":[0,0],"18":[0,0],"19":[0,0],"20":[0,0],"21":[0,0],"22":[0,0],"23":[0,1],"24":[0,1],"25":[1,0],"26":[1,0],"27":[1,1],"28":[1,0],"29":[0,1],"30":[0,0],"31":[0,0],"32":[0,0],"33":[0,0],"34":[0,0],"35":[0,0],"36":[0,0],"37":[0,0],"38":[0,0,0],"39":[0,0],"40":[0,0],"41":[0,0],"42":[0,0],"43":[0,0],"44":[0,0],"45":[0,0],"46":[0,0],"47":[0,0],"48":[0,0],"49":[0,0],"50":[0,0],"51":[0,0],"52":[0,0],"53":[0,0],"54":[0,0],"55":[0,0],"56":[0,0],"57":[0,0],"58":[0,0],"59":[0,0],"60":[0,0],"61":[0,0],"62":[0,0],"63":[0,0],"64":[0,0],"65":[0,0],"66":[0,0],"67":[0,0],"68":[0,0],"69":[0,0],"70":[0,0],"71":[0,0],"72":[0,0],"73":[0,0],"74":[0,0],"75":[0,0],"76":[0,0],"77":[0,0],"78":[0,0],"79":[0,0],"80":[0,0,0]},"_coverageSchema":"1a1c01bbd47fc00a2c39e90264f33305004495a9","hash":"3e5f53b94a3279724eae8ae4af05ccbf9c21ea63"}
,"C:\\Users\\HP\\Desktop\\FutureStack\\backend\\src\\routes\\hackathons.js": {"path":"C:\\Users\\HP\\Desktop\\FutureStack\\backend\\src\\routes\\hackathons.js","statementMap":{"0":{"start":{"line":1,"column":16},"end":{"line":1,"column":34}},"1":{"start":{"line":2,"column":21},"end":{"line":2,"column":47}},"2":{"start":{"line":3,"column":21},"end":{"line":3,"column":54}},"3":{"start":{"line":16,"column":4},"end":{"line":16,"column":36}},"4":{"start":{"line":18,"column":15},"end":{"line":18,"column":31}},"5":{"start":{"line":24,"column":4},"end":{"line":32,"column":8}},"6":{"start":{"line":39,"column":28},"end":{"line":44,"column":17}},"7":{"start":{"line":46,"column":4},"end":{"line":48,"column":5}},"8":{"start":{"line":47,"column":8},"end":{"line":47,"column":64}},"9":{"start":{"line":50,"column":4},"end":{"line":52,"column":5}},"10":{"start":{"line":51,"column":8},"end":{"line":51,"column":88}},"11":{"start":{"line":54,"column":4},"end":{"line":54,"column":33}},"12":{"start":{"line":61,"column":28},"end":{"line":66,"column":17}},"13":{"start":{"line":69,"column":4},"end":{"line":71,"column":5}},"14":{"start":{"line":70,"column":8},"end":{"line":70,"column":73}},"15":{"start":{"line":73,"column":4},"end":{"line":73,"column":33}},"16":{"start":{"line":84,"column":0},"end":{"line":125,"column":3}},"17":{"start":{"line":85,"column":4},"end":{"line":124,"column":5}},"18":{"start":{"line":86,"column":34},"end":{"line":86,"column":44}},"19":{"start":{"line":88,"column":26},"end":{"line":88,"column":96}},"20":{"start":{"line":89,"column":8},"end":{"line":91,"column":9}},"21":{"start":{"line":90,"column":12},"end":{"line":90,"column":68}},"22":{"start":{"line":93,"column":32},"end":{"line":93,"column":99}},"23":{"start":{"line":96,"column":8},"end":{"line":101,"column":9}},"24":{"start":{"line":97,"column":12},"end":{"line":100,"column":15}},"25":{"start":{"line":103,"column":8},"end":{"line":105,"column":9}},"26":{"start":{"line":104,"column":12},"end":{"line":104,"column":24}},"27":{"start":{"line":107,"column":8},"end":{"line":109,"column":9}},"28":{"start":{"line":108,"column":12},"end":{"line":108,"column":57}},"29":{"start":{"line":112,"column":55},"end":{"line":116,"column":53}},"30":{"start":{"line":118,"column":8},"end":{"line":118,"column":45}},"31":{"start":{"line":118,"column":26},"end":{"line":118,"column":45}},"32":{"start":{"line":120,"column":8},"end":{"line":120,"column":51}},"33":{"start":{"line":122,"column":8},"end":{"line":122,"column":61}},"34":{"start":{"line":123,"column":8},"end":{"line":123,"column":64}},"35":{"start":{"line":131,"column":0},"end":{"line":166,"column":3}},"36":{"start":{"line":132,"column":4},"end":{"line":165,"column":5}},"37":{"start":{"line":133,"column":34},"end":{"line":133,"column":44}},"38":{"start":{"line":134,"column":38},"end":{"line":134,"column":46}},"39":{"start":{"line":136,"column":26},"end":{"line":136,"column":96}},"40":{"start":{"line":137,"column":8},"end":{"line":139,"column":9}},"41":{"start":{"line":138,"column":12},"end":{"line":138,"column":68}},"42":{"start":{"line":142,"column":39},"end":{"line":142,"column":106}},"43":{"start":{"line":143,"column":8},"end":{"line":145,"column":9}},"44":{"start":{"line":144,"column":12},"end":{"line":144,"column":93}},"45":{"start":{"line":147,"column":32},"end":{"line":156,"column":21}},"46":{"start":{"line":158,"column":8},"end":{"line":158,"column":31}},"47":{"start":{"line":
[...]
umn":58}},"47":{"start":{"line":148,"column":33},"end":{"line":148,"column":58}},"48":{"start":{"line":149,"column":8},"end":{"line":149,"column":76}},"49":{"start":{"line":149,"column":39},"end":{"line":149,"column":76}},"50":{"start":{"line":150,"column":8},"end":{"line":150,"column":55}},"51":{"start":{"line":150,"column":32},"end":{"line":150,"column":55}},"52":{"start":{"line":151,"column":8},"end":{"line":151,"column":67}},"53":{"start":{"line":151,"column":36},"end":{"line":151,"column":67}},"54":{"start":{"line":152,"column":8},"end":{"line":152,"column":67}},"55":{"start":{"line":152,"column":36},"end":{"line":152,"column":67}},"56":{"start":{"line":153,"column":8},"end":{"line":153,"column":61}},"57":{"start":{"line":153,"column":34},"end":{"line":153,"column":61}},"58":{"start":{"line":154,"column":8},"end":{"line":154,"column":58}},"59":{"start":{"line":154,"column":33},"end":{"line":154,"column":58}},"60":{"start":{"line":156,"column":32},"end":{"line":162,"column":21}},"61":{"start":{"line":164,"column":8},"end":{"line":169,"column":9}},"62":{"start":{"line":165,"column":12},"end":{"line":167,"column":13}},"63":{"start":{"line":166,"column":16},"end":{"line":166,"column":80}},"64":{"start":{"line":168,"column":12},"end":{"line":168,"column":24}},"65":{"start":{"line":172,"column":8},"end":{"line":175,"column":11}},"66":{"start":{"line":177,"column":8},"end":{"line":177,"column":23}},"67":{"start":{"line":179,"column":8},"end":{"line":179,"column":98}},"68":{"start":{"line":187,"column":0},"end":{"line":187,"column":104}},"69":{"start":{"line":193,"column":0},"end":{"line":193,"column":106}},"70":{"start":{"line":199,"column":0},"end":{"line":222,"column":3}},"71":{"start":{"line":200,"column":4},"end":{"line":221,"column":5}},"72":{"start":{"line":201,"column":23},"end":{"line":201,"column":33}},"73":{"start":{"line":203,"column":33},"end":{"line":207,"column":51}},"74":{"start":{"line":209,"column":8},"end":{"line":209,"column":31}},"75":{"start":{"line":209,"column":19},"end":{"line":209,"column":31}},"76":{"start":{"line":211,"column":8},"end":{"line":213,"column":9}},"77":{"start":{"line":212,"column":12},"end":{"line":212,"column":76}},"78":{"start":{"line":216,"column":8},"end":{"line":216,"column":79}},"79":{"start":{"line":218,"column":8},"end":{"line":218,"column":68}},"80":{"start":{"line":220,"column":8},"end":{"line":220,"column":98}},"81":{"start":{"line":224,"column":0},"end":{"line":224,"column":24}}},"fnMap":{"0":{"name":"(anonymous_0)","decl":{"start":{"line":8,"column":35},"end":{"line":8,"column":36}},"loc":{"start":{"line":8,"column":46},"end":{"line":11,"column":1}},"line":8},"1":{"name":"(anonymous_1)","decl":{"start":{"line":13,"column":25},"end":{"line":13,"column":26}},"loc":{"start":{"line":13,"column":65},"end":{"line":33,"column":1}},"line":13},"2":{"name":"logAudit","decl":{"start":{"line":42,"column":9},"end":{"line":42,"column":17}},"loc":{"start":{"line":42,"column":88},"end":{"line":52,"column":1}},"line":42},"3":{"name":"(anonymous_3)","decl":{"start":{"line":58,"column":16},"end":{"line":58,"column":17}},"loc":{"start":{"line":58,"column":36},"end":{"line":72,"column":1}},"line":58},"4":{"name":"(anonymous_4)","decl":{"start":{"line":78,"column":19},"end":{"line":78,"column":20}},"loc":{"start":{"line":78,"column":39},"end":{"line":100,"column":1}},"line":78},"5":{"name":"(anonymous_5)","decl":{"start":{"line":106,"column":52},"end":{"line":106,"column":53}},"loc":{"start":{"line":106,"column":72},"end":{"line":136,"column":1}},"line":106},"6":{"name":"(anonymous_6)","decl":{"start":{"line":141,"column":22},"end":{"line":141,"column":23}},"loc":{"start":{"line":141,"column":42},"end":{"line":181,"column":1}},"line":141},"7":{"name":"(anonymous_7)","decl":{"start":{"line":199,"column":57},"end":{"line":199,"column":58}},"loc":{"start":{"line":199,"column":77},"end":{"line":222,"column":1}},"line":199}},"branchMap":{"0":{"loc":{"start":{"line":9,"column":23},"end":{"line":9,"column":43}},"type":"binary-expr","locations":[{"start":{"line":9,"column":23},"end":{"line":9,"column":37}},{"start":{"line":9,"column":41},"end":{"line":9,"column":43}}],"line":9},"1":{"loc":{"start":{"line":10,"column":11},"end":{"line":10,"column":66}},"type":"binary-expr","locations":[{"start":{"line":10,"column":11},"end":{"line":10,"column":39}},{"start":{"line":10,"column":43},"end":{"line":10,"column":66}}],"line":10},"2":{"loc":{"start":{"line":25,"column":4},"end":{"line":30,"column":5}},"type":"if","locations":[{"start":{"line":25,"column":4},"end":{"line":30,"column":5}},{"start":{},"end":{}}],"line":25},"3":{"loc":{"start":{"line":42,"column":34},"end":{"line":42,"column":51}},"type":"default-arg","locations":[{"start":{"line":42,"column":47},"end":{"line":42,"column":51}}],"line":42},"4":{"loc":{"start":{"line":42,"column":53},"end":{"line":42,"column":72}},"type":"default-arg","locations":[{"start":{"line":42,"column":63},"end":{"line":42,"column":72}}],"line":42},"5":{"loc":{"start":{"line":42,"column":74},"end":{"line":42,"column":86}},"type":"default-arg","locations":[{"start":{"line":42,"column":84},"end":{"line":42,"column":86}}],"line":42},"6":{"loc":{"start":{"line":66,"column":8},"end":{"line":66,"column":31}},"type":"if","locations":[{"start":{"line":66,"column":8},"end":{"line":66,"column":31}},{"start":{},"end":{}}],"line":66},"7":{"loc":{"start":{"line":89,"column":8},"end":{"line":94,"column":9}},"type":"if","locations":[{"start":{"line":89,"column":8},"end":{"line":94,"column":9}},{"start":{},"end":{}}],"line":89},"8":{"loc":{"start":{"line":90,"column":12},"end":{"line":92,"column":13}},"type":"if","locations":[{"start":{"line":90,"column":12},"end":{"line":92,"column":13}},{"start":{},"end":{}}],"line":90},"9":{"loc":{"start":{"line":115,"column":29},"end":{"line":115,"column":48}},"type":"binary-expr","locations":[{"start":{"line":115,"column":29},"end":{"line":115,"column":40}},{"start":{"line":115,"column":44},"end":{"line":115,"column":48}}],"line":115},"10":{"loc":{"start":{"line":116,"column":22},"end":{"line":116,"column":34}},"type":"binary-expr","locations":[{"start":{"line":116,"column":22},"end":{"line":116,"column":26}},{"start":{"line":116,"column":30},"end":{"line":116,"column":34}}],"line":116},"11":{"loc":{"start":{"line":117,"column":26},"end":{"line":117,"column":42}},"type":"binary-expr","locations":[{"start":{"line":117,"column":26},"end":{"line":117,"column":34}},{"start":{"line":117,"column":38},"end":{"line":117,"column":42}}],"line":117},"12":{"loc":{"start":{"line":118,"column":26},"end":{"line":118,"column":42}},"type":"binary-expr","locations":[{"start":{"line":118,"column":26},"end":{"line":118,"column":34}},{"start":{"line":118,"column":38},"end":{"line":118,"column":42}}],"line":118},"13":{"loc":{"start":{"line":119,"column":24},"end":{"line":119,"column":43}},"type":"binary-expr","locations":[{"start":{"line":119,"column":24},"end":{"line":119,"column":30}},{"start":{"line":119,"column":34},"end":{"line":119,"column":43}}],"line":119},"14":{"loc":{"start":{"line":120,"column":23},"end":{"line":120,"column":36}},"type":"binary-expr","locations":[{"start":{"line":120,"column":23},"end":{"line":120,"column":28}},{"start":{"line":120,"column":32},"end":{"line":120,"column":36}}],"line":120},"15":{"loc":{"start":{"line":125,"column":8},"end":{"line":125,"column":31}},"type":"if","locations":[{"start":{"line":125,"column":8},"end":{"line":125,"column":31}},{"start":{},"end":{}}],"line":125},"16":{"loc":{"start":{"line":148,"column":8},"end":{"line":148,"column":58}},"type":"if","locations":[{"start":{"line":148,"column":8},"end":{"line":148,"column":58}},{"start":{},"end":{}}],"line":148},"17":{"loc":{"start":{"line":149,"column":8},"end":{"line":149,"column":76}},"type":"if","locations":[{"start":{"line":149,"column":8},"end":{"line":149,"column":76}},{"start":{},"end":{}}],"line":149},"18":{"loc":{"start":{"line":150,"column":8},"end":{"line":150,"column":55}},"type":"if","locations":[{"start":{"line":150,"column":8},"end":{"line":150,"column":55}},{"start":{},"end":{}}],"line":150},"19":{"loc":{"start":{"line":151,"column":8},"end":{"line":151,"column":67}},"type":"if","locations":[{"start":{"line":151,"column":8},"end":{"line":151,"column":67}},{"start":{},"end":{}}],"line":151},"20":{"loc":{"start":{"line":152,"column":8},"end":{"line":152,"column":67}},"type":"if","locations":[{"start":{"line":152,"column":8},"end":{"line":152,"column":67}},{"start":{},"end":{}}],"line":152},"21":{"loc":{"start":{"line":153,"column":8},"end":{"line":153,"column":61}},"type":"if","locations":[{"start":{"line":153,"column":8},"end":{"line":153,"column":61}},{"start":{},"end":{}}],"line":153},"22":{"loc":{"start":{"line":154,"column":8},"end":{"line":154,"column":58}},"type":"if","locations":[{"start":{"line":154,"column":8},"end":{"line":154,"column":58}},{"start":{},"end":{}}],"line":154},"23":{"loc":{"start":{"line":164,"column":8},"end":{"line":169,"column":9}},"type":"if","locations":[{"start":{"line":164,"column":8},"end":{"line":169,"column":9}},{"start":{},"end":{}}],"line":164},"24":{"loc":{"start":{"line":165,"column":12},"end":{"line":167,"column":13}},"type":"if","locations":[{"start":{"line":165,"column":12},"end":{"line":167,"column":13}},{"start":{},"end":{}}],"line":165},"25":{"loc":{"start":{"line":209,"column":8},"end":{"line":209,"column":31}},"type":"if","locations":[{"start":{"line":209,"column":8},"end":{"line":209,"column":31}},{"start":{},"end":{}}],"line":209},"26":{"loc":{"start":{"line":211,"column":8},"end":{"line":213,"column":9}},"type":"if","locations":[{"start":{"line":211,"column":8},"end":{"line":213,"column":9}},{"start":{},"end":{}}],"line":211}},"s":{"0":3,"1":3,"2":3,"3":3,"4":3,"5":3,"6":0,"7":0,"8":3,"9":0,"10":0,"11":0,"12":0,"13":0,"14":1,"15":3,"16":0,"17":0,"18":0,"19":0,"20":0,"21":0,"22":3,"23":0,"24":0,"25":0,"26":0,"27":0,"28":0,"29":0,"30":0,"31":0,"32":3,"33":1,"34":1,"35":1,"36":1,"37":0,"38":1,"39":1,"40":0,"41":3,"42":1,"43":1,"44":1,"45":1,"46":1,"47":0,"48":1,"49":0,"50":1,"51":0,"52":1,"53":0,"54":1,"55":0,"56":1,"57":1,"58":1,"59":0,"60":1,"61":1,"62":1,"63":1,"64":0,"65":0,"66":0,"67":0,"68":3,"69":3,"70":3,"71":0,"72":0,"73":0,"74":0,"75":0,"76":0,"77":0,"78":0,"79":0,"80":0,"81":3},"f":{"0":0,"1":0,"2":1,"3":0,"4":0,"5":1,"6":1,"7":0},"b":{"0":[0,0],"1":[0,0],"2":[0,0],"3":[0],"4":[0],"5":[0],"6":[0,0],"7":[0,0],"8":[0,0],"9":[1,1],"10":[1,0],"11":[1,1],"12":[1,0],"13":[1,0],"14":[1,1],"15":[0,1],"16":[0,1],"17":[0,1],"18":[0,1],"19":[0,1],"20":[0,1],"21":[1,0],"22":[0,1],"23":[1,0],"24":[1,0],"25":[0,0],"26":[0,0]},"_coverageSchema":"1a1c01bbd47fc00a2c39e90264f33305004495a9","hash":"d24b84fa495af2db43c0aca7975a980d3a318855"}
,"C:\\Users\\HP\\Desktop\\FutureStack\\backend\\src\\validation\\documents-schemas.js": {"path":"C:\\Users\\HP\\Desktop\\FutureStack\\backend\\src\\validation\\documents-schemas.js","statementMap":{"0":{"start":{"line":1,"column":12},"end":{"line":1,"column":26}},"1":{"start":{"line":6,"column":29},"end":{"line":59,"column":2}},"2":{"start":{"line":64,"column":29},"end":{"line":115,"column":2}},"3":{"start":{"line":120,"column":29},"end":{"line":128,"column":2}},"4":{"start":{"line":133,"column":30},"end":{"line":141,"column":2}},"5":{"start":{"line":146,"column":37},"end":{"line":161,"column":2}},"6":{"start":{"line":166,"column":33},"end":{"line":174,"column":2}},"7":{"start":{"line":176,"column":0},"end":{"line":183,"column":2}}},"fnMap":{},"branchMap":{},"s":{"0":4,"1":4,"2":4,"3":4,"4":4,"5":4,"6":4,"7":4},"f":{},"b":{},"_coverageSchema":"1a1c01bbd47fc00a2c39e90264f33305004495a9","hash":"3fb427dbcf4a745dcc75c1c2c6581bf6eb930da5"}
,"C:\\Users\\HP\\Desktop\\FutureStack\\backend\\src\\validation\\schemas.js": {"path":"C:\\Users\\HP\\Desktop\\FutureStack\\backend\\src\\validation\\schemas.js","statementMap":{"0":{"start":{"line":1,"column":12},"end":{"line":1,"column":26}},"1":{"start":{"line":6,"column":32},"end":{"line":71,"column":2}},"2":{"start":{"line":77,"column":32},"end":{"line":142,"column":2}},"3":{"start":{"line":147,"column":22},"end":{"line":155,"column":2}},"4":{"start":{"line":164,"column":25},"end":{"line":185,"column":2}},"5":{"start":{"line":190,"column":25},"end":{"line":209,"column":9}},"6":{"start":{"line":214,"column":31},"end":{"line":243,"column":2}},"7":{"start":{"line":248,"column":31},"end":{"line":267,"column":9}},"8":{"start":{"line":272,"column":25},"end":{"line":295,"column":2}},"9":{"start":{"line":300,"column":25},"end":{"line":324,"column":9}},"10":{"start":{"line":329,"column":25},"end":{"line":370,"column":2}},"11":{"start":{"line":375,"column":25},"end":{"line":406,"column":9}},"12":{"start":{"line":411,"column":34},"end":{"line":426,"column":2}},"13":{"start":{"line":431,"column":34},"end":{"line":445,"column":9}},"14":{"start":{"line":447,"column":0},"end":{"line":462,"column":2}}},"fnMap":{},"branchMap":{},"s":{"0":4,"1":4,"2":4,"3":4,"4":4,"5":4,"6":4,"7":4,"8":4,"9":4,"10":4,"11":4,"12":4,"13":4,"14":4},"f":{},"b":{},"_coverageSchema":"1a1c01bbd47fc00a2c39e90264f33305004495a9","hash":"8f8b47cb4828a8667beef27c4a9ee65233e17ef4"}
,"C:\\Users\\HP\\Desktop\\FutureStack\\backend\\tests\\mocks\\auth.js": {"path":"C:\\Users\\HP\\Desktop\\FutureStack\\backend\\tests\\mocks\\auth.js","statementMap":{"0":{"start":{"line":1,"column":18},"end":{"line":5,"column":1}},"1":{"start":{"line":11,"column":23},"end":{"line":11,"column":48}},"2":{"start":{"line":13,"column":4},"end":{"line":18,"column":5}},"3":{"start":{"line":14,"column":8},"end":{"line":17,"column":11}},"4":{"start":{"line":20,"column":4},"end":{"line":20,"column":32}},"5":{"start":{"line":21,"column":4},"end":{"line":21,"column":11}},"6":{"start":{"line":24,"column":0},"end":{"line":24,"column":48}}},"fnMap":{"0":{"name":"mockRequireAuth","decl":{"start":{"line":10,"column":9},"end":{"line":10,"column":24}},"loc":{"start":{"line":10,"column":41},"end":{"line":22,"column":1}},"line":10}},"branchMap":{"0":{"loc":{"start":{"line":13,"column":4},"end":{"line":18,"column":5}},"type":"if","locations":[{"start":{"line":13,"column":4},"end":{"line":18,"column":5}},{"start":{},"end":{}}],"line":13},"1":{"loc":{"start":{"line":13,"column":8},"end":{"line":13,"column":56}},"type":"binary-expr","locations":[{"start":{"line":13,"column":8},"end":{"line":13,"column":19}},{"start":{"line":13,"column":23},"end":{"line":13,"column":56}}],"line":13}},"s":{"0":2,"1":8,"2":8,"3":2,"4":6,"5":6,"6":2},"f":{"0":8},"b":{"0":[2,6],"1":[8,6]},"_coverageSchema":"1a1c01bbd47fc00a2c39e90264f33305004495a9","hash":"678471ac5c73cb3f25175f79db6924d225154436"}
,"C:\\Users\\HP\\Desktop\\FutureStack\\backend\\tests\\mocks\\supabase.js": {"path":"C:\\Users\\HP\\Desktop\\FutureStack\\backend\\tests\\mocks\\supabase.js","statementMap":{"0":{"start":{"line":6,"column":18},"end":{"line":16,"column":5}},"1":{"start":{"line":7,"column":30},"end":{"line":7,"column":35}},"2":{"start":{"line":8,"column":30},"end":{"line":8,"column":35}},"3":{"start":{"line":9,"column":30},"end":{"line":9,"column":35}},"4":{"start":{"line":10,"column":30},"end":{"line":10,"column":35}},"5":{"start":{"line":11,"column":26},"end":{"line":11,"column":31}},"6":{"start":{"line":12,"column":29},"end":{"line":12,"column":34}},"7":{"start":{"line":13,"column":29},"end":{"line":13,"column":34}},"8":{"start":{"line":14,"column":30},"end":{"line":14,"column":53}},"9":{"start":{"line":15,"column":35},"end":{"line":15,"column":80}},"10":{"start":{"line":18,"column":4},"end":{"line":18,"column":69}},"11":{"start":{"line":18,"column":54},"end":{"line":18,"column":65}},"12":{"start":{"line":19,"column":4},"end":{"line":19,"column":71}},"13":{"start":{"line":19,"column":55},"end":{"line":19,"column":67}},"14":{"start":{"line":21,"column":4},"end":{"line":21,"column":17}},"15":{"start":{"line":25,"column":4},"end":{"line":33,"column":6}},"16":{"start":{"line":27,"column":12},"end":{"line":27,"column":24}},"17":{"start":{"line":30,"column":12},"end":{"line":30,"column":24}},"18":{"start":{"line":32,"column":27},"end":{"line":32,"column":52}},"19":{"start":{"line":36,"column":0},"end":{"line":36,"column":51}}},"fnMap":{"0":{"name":"createChain","decl":{"start":{"line":5,"column":9},"end":{"line":5,"column":20}},"loc":{"start":{"line":5,"column":59},"end":{"line":22,"column":1}},"line":5},"1":{"name":"(anonymous_1)","decl":{"start":{"line":7,"column":24},"end":{"line":7,"column":25}},"loc":{"start":{"line":7,"column":30},"end":{"line":7,"column":35}},"line":7},"2":{"name":"(anonymous_2)","decl":{"start":{"line":8,"column":24},"end":{"line":8,"column":25}},"loc":{"start":{"line":8,"column":30},"end":{"line":8,"column":35}},"line":8},"3":{"name":"(anonymous_3)","decl":{"start":{"line":9,"column":24},"end":{"line":9,"column":25}},"loc":{"start":{"line":9,"column":30},"end":{"line":9,"column":35}},"line":9},"4":{"name":"(anonymous_4)","decl":{"start":{"line":10,"column":24},"end":{"line":10,"column":25}},"loc":{"start":{"line":10,"column":30},"end":{"line":10,"column":35}},"line":10},"5":{"name":"(anonymous_5)","decl":{"start":{"line":11,"column":20},"end":{"line":11,"column":21}},"loc":{"start":{"line":11,"column":26},"end":{"line":11,"column":31}},"line":11},"6":{"name":"(anonymous_6)","decl":{"start":{"line":12,"column":23},"end":{"line":12,"column":24}},"loc":{"start":{"line":12,"column":29},"end":{"line":12,"column":34}},"line":12},"7":{"name":"(anonymous_7)","decl":{"start":{"line":13,"column":23},"end":{"line":13,"column":24}},"loc":{"start":{"line":13,"column":29},"end":{"line":13,"column":34}},"line":13},"8":{"name":"(anonymous_8)","decl":{"start":{"line":14,"column":24},"end":{"line":14,"column":25}},"loc":{"start":{"line":14,"column":30},"end":{"line":14,"column":53}},"line":14},"9":{"name":"(anonymous_9)","decl":{"start":{"line":15,"column":14},"end":{"line":15,"column":15}},"loc":{"start":{"line":15,"column":35},"end":{"line":15,"column":80}},"line":15},"10":{"name":"(anonymous_10)","decl":{"start":{"line":18,"column":48},"end":{"line":18,"column":49}},"loc":{"start":{"line":18,"column":54},"end":{"line":18,"column":65}},"line":18},"11":{"name":"(anonymous_11)","decl":{"start":{"line":19,"column":49},"end":{"line":19,"column":50}},"loc":{"start":{"line":19,"column":55},"end":{"line":19,"column":67}},"line":19},"12":{"name":"createCountChain","decl":{"start":{"line":24,"column":9},"end":{"line":24,"column":25}},"loc":{"start":{"line":24,"column":51},"end":{"line":34,"column":1}},"line":24},"13":{"name":"(anonymous_13)","decl":{"start":{"line":26,"column":24},"end":{"line":26,"column":25}},"loc":{"start":{"line":26,"column":36},"end":{"line":28,"column":9}},"line":26},"14":{"name":"(anonymous_14)","decl":{"start":{"line":29,"column":20},"end":{"line":29,"column":21}},"loc":{"start":{"line":29,"column":32},"end":{"line":31,"column":9}},"line":29},"15":{"name":"(anonymous_15)","decl":{"start":{"line":32,"column":14},"end":{"line":32,"column":15}},"loc":{"start":{"line":32,"column":27},"end":{"line":32,"column":52}},"line":32}},"branchMap":{"0":{"loc":{"start":{"line":5,"column":21},"end":{"line":5,"column":57}},"type":"default-arg","locations":[{"start":{"line":5,"column":30},"end":{"line":5,"column":57}}],"line":5},"1":{"loc":{"start":{"line":24,"column":26},"end":{"line":24,"column":35}},"type":"default-arg","locations":[{"start":{"line":24,"column":34},"end":{"line":24,"column":35}}],"line":24},"2":{"loc":{"start":{"line":24,"column":37},"end":{"line":24,"column":49}},"type":"default-arg","locations":[{"start":{"line":24,"column":45},"end":{"line":24,"column":49}}],"line":24}},"s":{"0":6,"1":6,"2":2,"3":1,"4":0,"5":3,"6":1,"7":2,"8":3,"9":3,"10":6,"11":0,"12":6,"13":0,"14":6,"15":1,"16":1,"17":1,"18":1,"19":3},"f":{"0":6,"1":6,"2":2,"3":1,"4":0,"5":3,"6":1,"7":2,"8":3,"9":3,"10":0,"11":0,"12":1,"13":1,"14":1,"15":1},"b":{"0":[0],"1":[0],"2":[0]},"_coverageSchema":"1a1c01bbd47fc00a2c39e90264f33305004495a9","hash":"bd0ae9814544012b9920ed86929ffd563afedbeb"}
}
