TN:
SF:src\app.js
FN:58,(anonymous_0)
FN:74,(anonymous_1)
FN:75,(anonymous_2)
FN:97,(anonymous_3)
FN:98,(anonymous_4)
FN:118,(anonymous_5)
FN:124,(anonymous_6)
FN:137,(anonymous_7)
FN:157,(anonymous_8)
FN:165,(anonymous_9)
FN:189,(anonymous_10)
FN:204,(anonymous_11)
FN:216,(anonymous_12)
FN:220,(anonymous_13)
FNF:14
FNH:8
FNDA:3,(anonymous_0)
FNDA:11,(anonymous_1)
FNDA:0,(anonymous_2)
FNDA:6,(anonymous_3)
FNDA:0,(anonymous_4)
FNDA:0,(anonymous_5)
FNDA:11,(anonymous_6)
FNDA:5,(anonymous_7)
FNDA:1,(anonymous_8)
FNDA:2,(anonymous_9)
FNDA:2,(anonymous_10)
FNDA:0,(anonymous_11)
FNDA:0,(anonymous_12)
FNDA:0,(anonymous_13)
DA:1,3
DA:3,3
DA:4,3
DA:5,3
DA:6,3
DA:7,3
DA:9,3
DA:10,3
DA:11,3
DA:12,3
DA:13,3
DA:14,3
DA:16,3
DA:22,3
DA:28,3
DA:56,3
DA:58,3
DA:64,3
DA:66,3
DA:67,3
DA:69,3
DA:74,11
DA:76,0
DA:77,0
DA:79,0
DA:80,0
DA:92,3
DA:97,6
DA:99,0
DA:100,0
DA:102,0
DA:103,0
DA:115,3
DA:117,3
DA:118,0
DA:119,0
DA:120,0
DA:124,3
DA:125,11
DA:126,5
DA:128,5
DA:136,5
DA:137,5
DA:138,5
DA:147,5
DA:150,11
DA:157,3
DA:158,1
DA:165,3
DA:166,2
DA:170,2
DA:171,2
DA:176,2
DA:177,1
DA:183,0
DA:189,2
DA:191,2
DA:199,3
DA:200,3
DA:201,3
DA:202,3
DA:204,3
DA:205,0
DA:216,3
DA:217,0
DA:220,3
DA:221,0
DA:222,0
DA:228,3
LF:69
LH:53
BRDA:57,0,0,3
BRDA:57,0,1,0
BRDA:117,1,0,0
BRDA:117,1,1,3
BRDA:125,2,0,5
BRDA:125,2,1,6
BRDA:126,3,0,0
BRDA:126,3,1,5
BRDA:126,4,0,5
BRDA:126,4,1,5
BRDA:144,5,0,5
BRDA:144,5,1,5
BRDA:161,6,0,1
BRDA:161,6,1,0
BRDA:176,7,0,1
BRDA:176,7,1,1
BRDA:191,8,0,1
BRDA:191,8,1,1
BRDA:192,9,0,1
BRDA:192,9,1,1
BRDA:194,10,0,2
BRDA:194,10,1,0
BRDA:224,11,0,0
BRDA:224,11,1,0
BRF:24
BRH:17
end_of_record
TN:
SF:src\middleware\auth.js
FN:10,(anonymous_0)
FN:20,normalizePemKey
FN:42,createPublicKey
FN:79,(anonymous_3)
FN:174,ensureUserExists
FNF:5
FNH:2
FNDA:0,(anonymous_0)
FNDA:1,normalizePemKey
FNDA:1,createPublicKey
FNDA:0,(anonymous_3)
FNDA:0,ensureUserExists
DA:1,1
DA:2,1
DA:3,1
DA:7,1
DA:8,1
DA:10,1
DA:11,0
DA:12,0
DA:21,1
DA:23,0
DA:31,0
DA:32,0
DA:33,0
DA:36,0
DA:43,1
DA:45,0
DA:46,0
DA:50,0
DA:51,0
DA:53,0
DA:54,0
DA:55,0
DA:60,1
DA:61,1
DA:62,1
DA:64,1
DA:65,1
DA:66,0
DA:68,1
DA:69,1
DA:79,1
DA:80,0
DA:81,0
DA:83,0
DA:84,0
DA:90,0
DA:93,0
DA:94,0
DA:95,0
DA:103,0
DA:104,0
DA:108,0
DA:109,0
DA:113,0
DA:114,0
DA:115,0
DA:120,0
DA:125,0
DA:132,0
DA:133,0
DA:135,0
DA:136,0
DA:145,0
DA:153,0
DA:155,0
DA:160,0
DA:161,0
DA:163,0
DA:175,0
DA:178,0
DA:179,0
DA:180,0
DA:181,0
DA:184,0
DA:187,0
DA:193,0
DA:194,0
DA:195,0
DA:198,0
DA:199,0
DA:200,0
DA:201,0
DA:205,0
DA:211,0
DA:213,0
DA:214,0
DA:219,0
DA:220,0
DA:221,0
DA:222,0
DA:225,0
DA:228,0
DA:229,0
DA:232,1
LF:84
LH:17
BRDA:11,0,0,0
BRDA:11,0,1,0
BRDA:12,1,0,0
BRDA:12,1,1,0
BRDA:21,2,0,1
BRDA:21,2,1,0
BRDA:31,3,0,0
BRDA:31,3,1,0
BRDA:31,4,0,0
BRDA:31,4,1,0
BRDA:43,5,0,1
BRDA:43,5,1,0
BRDA:65,6,0,0
BRDA:65,6,1,1
BRDA:83,7,0,0
BRDA:83,7,1,0
BRDA:83,8,0,0
BRDA:83,8,1,0
BRDA:93,9,0,0
BRDA:93,9,1,0
BRDA:108,10,0,0
BRDA:108,10,1,0
BRDA:113,11,0,0
BRDA:113,11,1,0
BRDA:128,12,0,0
BRDA:128,12,1,0
BRDA:145,13,0,0
BRDA:145,13,1,0
BRDA:146,14,0,0
BRDA:146,14,1,0
BRDA:147,15,0,0
BRDA:147,15,1,0
BRDA:160,16,0,0
BRDA:160,16,1,0
BRDA:179,17,0,0
BRDA:179,17,1,0
BRDA:179,18,0,0
BRDA:179,18,1,0
BRDA:193,19,0,0
BRDA:193,19,1,0
BRDA:198,20,0,0
BRDA:198,20,1,0
BRDA:207,21,0,0
BRDA:207,21,1,0
BRDA:211,22,0,0
BRDA:211,22,1,0
BRDA:213,23,0,0
BRDA:213,23,1,0
BRDA:219,24,0,0
BRDA:219,24,1,0
BRF:50
BRH:3
end_of_record
TN:
SF:src\middleware\validate.js
FN:5,(anonymous_0)
FN:6,(anonymous_1)
FN:17,(anonymous_2)
FNF:3
FNH:3
FNDA:77,(anonymous_0)
FNDA:8,(anonymous_1)
FNDA:3,(anonymous_2)
DA:5,4
DA:6,77
DA:7,8
DA:9,8
DA:15,8
DA:17,3
DA:22,3
DA:30,5
DA:31,5
DA:35,4
LF:10
LH:10
BRDA:5,0,0,50
BRDA:15,1,0,3
BRDA:15,1,1,5
BRF:3
BRH:3
end_of_record
TN:
SF:src\routes\analytics.js
FN:7,(anonymous_0)
FN:13,(anonymous_1)
FN:41,(anonymous_2)
FN:76,(anonymous_3)
FN:94,(anonymous_4)
FN:113,(anonymous_5)
FNF:6
FNH:0
FNDA:0,(anonymous_0)
FNDA:0,(anonymous_1)
FNDA:0,(anonymous_2)
FNDA:0,(anonymous_3)
FNDA:0,(anonymous_4)
FNDA:0,(anonymous_5)
DA:1,3
DA:2,3
DA:4,3
DA:7,3
DA:13,3
DA:14,0
DA:15,0
DA:18,0
DA:23,0
DA:26,0
DA:36,0
DA:41,0
DA:42,0
DA:43,0
DA:45,0
DA:46,0
DA:51,0
DA:52,0
DA:53,0
DA:54,0
DA:56,0
DA:60,0
DA:65,0
DA:66,0
DA:67,0
DA:68,0
DA:69,0
DA:70,0
DA:72,0
DA:73,0
DA:74,0
DA:76,0
DA:77,0
DA:78,0
DA:81,0
DA:89,0
DA:90,0
DA:91,0
DA:92,0
DA:94,0
DA:95,0
DA:96,0
DA:99,0
DA:106,0
DA:107,0
DA:108,0
DA:109,0
DA:110,0
DA:112,0
DA:113,0
DA:114,0
DA:115,0
DA:116,0
DA:119,0
DA:128,0
DA:135,0
DA:153,0
DA:154,0
DA:158,3
LF:59
LH:6
BRDA:23,0,0,0
BRDA:23,0,1,0
BRDA:42,1,0,0
BRDA:42,1,1,0
BRDA:42,2,0,0
BRDA:42,2,1,0
BRDA:45,3,0,0
BRDA:45,3,1,0
BRDA:45,4,0,0
BRDA:45,4,1,0
BRDA:56,5,0,0
BRDA:56,5,1,0
BRDA:60,6,0,0
BRDA:60,6,1,0
BRDA:78,7,0,0
BRDA:78,7,1,0
BRDA:96,8,0,0
BRDA:96,8,1,0
BRDA:114,9,0,0
BRDA:114,9,1,0
BRDA:130,10,0,0
BRDA:130,10,1,0
BRDA:131,11,0,0
BRDA:131,11,1,0
BRDA:132,12,0,0
BRDA:132,12,1,0
BRDA:143,13,0,0
BRDA:143,13,1,0
BRF:28
BRH:0
end_of_record
TN:
SF:src\routes\documents.js
FN:34,(anonymous_0)
FN:47,logAudit
FN:73,(anonymous_2)
FN:108,(anonymous_3)
FN:141,(anonymous_4)
FN:162,(anonymous_5)
FN:188,(anonymous_6)
FN:239,(anonymous_7)
FN:291,(anonymous_8)
FN:403,(anonymous_9)
FN:446,(anonymous_10)
FN:500,(anonymous_11)
FN:572,(anonymous_12)
FN:620,(anonymous_13)
FNF:14
FNH:4
FNDA:0,(anonymous_0)
FNDA:2,logAudit
FNDA:0,(anonymous_2)
FNDA:0,(anonymous_3)
FNDA:1,(anonymous_4)
FNDA:1,(anonymous_5)
FNDA:0,(anonymous_6)
FNDA:1,(anonymous_7)
FNDA:0,(anonymous_8)
FNDA:0,(anonymous_9)
FNDA:0,(anonymous_10)
FNDA:0,(anonymous_11)
FNDA:0,(anonymous_12)
FNDA:0,(anonymous_13)
DA:1,3
DA:2,3
DA:3,3
DA:4,3
DA:12,3
DA:15,3
DA:17,3
DA:20,3
DA:22,3
DA:24,3
DA:31,3
DA:35,0
DA:36,0
DA:38,0
DA:49,2
DA:50,2
DA:51,2
DA:52,12
DA:53,2
DA:57,2
DA:73,3
DA:74,0
DA:75,0
DA:78,0
DA:85,0
DA:86,0
DA:87,0
DA:88,0
DA:90,0
DA:91,0
DA:94,0
DA:102,0
DA:103,0
DA:104,0
DA:108,0
DA:109,0
DA:112,0
DA:113,0
DA:118,0
DA:119,0
DA:123,0
DA:129,0
DA:130,0
DA:132,0
DA:133,0
DA:141,3
DA:142,1
DA:143,1
DA:156,1
DA:157,0
DA:158,0
DA:162,1
DA:163,1
DA:164,0
DA:169,0
DA:170,0
DA:173,1
DA:176,1
DA:177,1
DA:179,0
DA:180,0
DA:188,3
DA:189,0
DA:190,0
DA:192,0
DA:206,0
DA:207,0
DA:208,0
DA:209,0
DA:211,0
DA:212,0
DA:216,0
DA:217,0
DA:222,0
DA:223,0
DA:227,0
DA:228,0
DA:230,0
DA:231,0
DA:239,3
DA:240,1
DA:242,1
DA:247,1
DA:248,0
DA:249,0
DA:252,1
DA:253,0
DA:259,1
DA:261,1
DA:275,1
DA:277,1
DA:279,1
DA:281,0
DA:282,0
DA:291,3
DA:292,0
DA:293,0
DA:294,0
DA:298,0
DA:303,0
DA:304,0
DA:305,0
DA:308,0
DA:309,0
DA:315,0
DA:316,0
DA:318,0
DA:319,0
DA:322,0
DA:323,0
DA:330,0
DA:331,0
DA:332,0
DA:335,0
DA:343,0
DA:345,0
DA:346,0
DA:351,0
DA:356,0
DA:358,0
DA:359,0
DA:360,0
DA:365,0
DA:381,0
DA:383,0
DA:384,0
DA:387,0
DA:392,0
DA:394,0
DA:395,0
DA:403,3
DA:404,0
DA:405,0
DA:406,0
DA:408,0
DA:409,0
DA:410,0
DA:411,0
DA:412,0
DA:413,0
DA:414,0
DA:416,0
DA:424,0
DA:425,0
DA:426,0
DA:428,0
DA:431,0
DA:435,0
DA:437,0
DA:438,0
DA:446,3
DA:447,0
DA:448,0
DA:451,0
DA:458,0
DA:459,0
DA:460,0
DA:462,0
DA:466,0
DA:467,0
DA:472,0
DA:473,0
DA:479,0
DA:485,0
DA:487,0
DA:489,0
DA:491,0
DA:492,0
DA:500,3
DA:501,0
DA:502,0
DA:503,0
DA:506,0
DA:513,0
DA:514,0
DA:515,0
DA:517,0
DA:521,0
DA:528,0
DA:529,0
DA:530,0
DA:532,0
DA:536,0
DA:537,0
DA:543,0
DA:552,0
DA:553,0
DA:554,0
DA:556,0
DA:559,0
DA:561,0
DA:563,0
DA:564,0
DA:572,3
DA:573,0
DA:574,0
DA:577,0
DA:584,0
DA:585,0
DA:586,0
DA:589,0
DA:590,0
DA:593,0
DA:594,0
DA:597,0
DA:603,0
DA:605,0
DA:606,0
DA:609,0
DA:611,0
DA:613,0
DA:614,0
DA:620,3
DA:621,0
DA:622,0
DA:623,0
DA:629,0
DA:634,0
DA:635,0
DA:639,0
DA:640,0
DA:646,3
LF:222
LH:45
BRDA:35,0,0,0
BRDA:35,0,1,0
BRDA:47,1,0,0
BRDA:47,2,0,0
BRDA:47,3,0,0
BRDA:52,4,0,2
BRDA:52,4,1,10
BRDA:85,5,0,0
BRDA:85,5,1,0
BRDA:86,6,0,0
BRDA:86,6,1,0
BRDA:102,7,0,0
BRDA:102,7,1,0
BRDA:112,8,0,0
BRDA:112,8,1,0
BRDA:112,9,0,0
BRDA:112,9,1,0
BRDA:118,10,0,0
BRDA:118,10,1,0
BRDA:132,11,0,0
BRDA:132,11,1,0
BRDA:156,12,0,0
BRDA:156,12,1,1
BRDA:163,13,0,0
BRDA:163,13,1,1
BRDA:163,14,0,1
BRDA:163,14,1,0
BRDA:169,15,0,0
BRDA:169,15,1,0
BRDA:179,16,0,0
BRDA:179,16,1,0
BRDA:206,17,0,0
BRDA:206,17,1,0
BRDA:207,18,0,0
BRDA:207,18,1,0
BRDA:216,19,0,0
BRDA:216,19,1,0
BRDA:216,20,0,0
BRDA:216,20,1,0
BRDA:222,21,0,0
BRDA:222,21,1,0
BRDA:230,22,0,0
BRDA:230,22,1,0
BRDA:247,23,0,0
BRDA:247,23,1,1
BRDA:252,24,0,0
BRDA:252,24,1,1
BRDA:267,25,0,1
BRDA:267,25,1,0
BRDA:268,26,0,1
BRDA:268,26,1,0
BRDA:269,27,0,1
BRDA:269,27,1,1
BRDA:270,28,0,1
BRDA:270,28,1,0
BRDA:275,29,0,0
BRDA:275,29,1,1
BRDA:281,30,0,0
BRDA:281,30,1,0
BRDA:293,31,0,0
BRDA:293,31,1,0
BRDA:303,32,0,0
BRDA:303,32,1,0
BRDA:308,33,0,0
BRDA:308,33,1,0
BRDA:318,34,0,0
BRDA:318,34,1,0
BRDA:318,35,0,0
BRDA:318,35,1,0
BRDA:322,36,0,0
BRDA:322,36,1,0
BRDA:343,37,0,0
BRDA:343,37,1,0
BRDA:345,38,0,0
BRDA:345,38,1,0
BRDA:345,38,2,0
BRDA:356,39,0,0
BRDA:356,39,1,0
BRDA:359,40,0,0
BRDA:359,40,1,0
BRDA:374,41,0,0
BRDA:374,41,1,0
BRDA:375,42,0,0
BRDA:375,42,1,0
BRDA:381,43,0,0
BRDA:381,43,1,0
BRDA:394,44,0,0
BRDA:394,44,1,0
BRDA:409,45,0,0
BRDA:409,45,1,0
BRDA:410,46,0,0
BRDA:410,46,1,0
BRDA:411,47,0,0
BRDA:411,47,1,0
BRDA:412,48,0,0
BRDA:412,48,1,0
BRDA:413,49,0,0
BRDA:413,49,1,0
BRDA:414,50,0,0
BRDA:414,50,1,0
BRDA:424,51,0,0
BRDA:424,51,1,0
BRDA:425,52,0,0
BRDA:425,52,1,0
BRDA:437,53,0,0
BRDA:437,53,1,0
BRDA:458,54,0,0
BRDA:458,54,1,0
BRDA:459,55,0,0
BRDA:459,55,1,0
BRDA:466,56,0,0
BRDA:466,56,1,0
BRDA:466,57,0,0
BRDA:466,57,1,0
BRDA:472,58,0,0
BRDA:472,58,1,0
BRDA:473,59,0,0
BRDA:473,59,1,0
BRDA:485,60,0,0
BRDA:485,60,1,0
BRDA:491,61,0,0
BRDA:491,61,1,0
BRDA:513,62,0,0
BRDA:513,62,1,0
BRDA:514,63,0,0
BRDA:514,63,1,0
BRDA:528,64,0,0
BRDA:528,64,1,0
BRDA:529,65,0,0
BRDA:529,65,1,0
BRDA:536,66,0,0
BRDA:536,66,1,0
BRDA:552,67,0,0
BRDA:552,67,1,0
BRDA:553,68,0,0
BRDA:553,68,1,0
BRDA:563,69,0,0
BRDA:563,69,1,0
BRDA:584,70,0,0
BRDA:584,70,1,0
BRDA:585,71,0,0
BRDA:585,71,1,0
BRDA:589,72,0,0
BRDA:589,72,1,0
BRDA:593,73,0,0
BRDA:593,73,1,0
BRDA:603,74,0,0
BRDA:603,74,1,0
BRDA:605,75,0,0
BRDA:605,75,1,0
BRDA:613,76,0,0
BRDA:613,76,1,0
BRDA:621,77,0,0
BRDA:621,77,1,0
BRDA:622,78,0,0
BRDA:622,78,1,0
BRDA:634,79,0,0
BRDA:634,79,1,0
BRDA:639,80,0,0
BRDA:639,80,1,0
BRDA:639,80,2,0
BRF:161
BRH:13
end_of_record
TN:
SF:src\routes\hackathons.js
FN:23,logAudit
FN:38,verifyHackathonOwnership
FN:60,getTeamForOpportunity
FN:84,(anonymous_3)
FN:131,(anonymous_4)
FN:172,(anonymous_5)
FN:217,(anonymous_6)
FN:252,(anonymous_7)
FN:293,(anonymous_8)
FN:330,(anonymous_9)
FN:358,(anonymous_10)
FN:393,(anonymous_11)
FN:436,(anonymous_12)
FN:469,(anonymous_13)
FN:515,(anonymous_14)
FN:543,(anonymous_15)
FN:581,(anonymous_16)
FN:625,(anonymous_17)
FN:662,(anonymous_18)
FN:690,(anonymous_19)
FN:738,(anonymous_20)
FN:782,(anonymous_21)
FNF:22
FNH:0
FNDA:0,logAudit
FNDA:0,verifyHackathonOwnership
FNDA:0,getTeamForOpportunity
FNDA:0,(anonymous_3)
FNDA:0,(anonymous_4)
FNDA:0,(anonymous_5)
FNDA:0,(anonymous_6)
FNDA:0,(anonymous_7)
FNDA:0,(anonymous_8)
FNDA:0,(anonymous_9)
FNDA:0,(anonymous_10)
FNDA:0,(anonymous_11)
FNDA:0,(anonymous_12)
FNDA:0,(anonymous_13)
FNDA:0,(anonymous_14)
FNDA:0,(anonymous_15)
FNDA:0,(anonymous_16)
FNDA:0,(anonymous_17)
FNDA:0,(anonymous_18)
FNDA:0,(anonymous_19)
FNDA:0,(anonymous_20)
FNDA:0,(anonymous_21)
DA:1,3
DA:2,3
DA:3,3
DA:16,3
DA:18,3
DA:24,0
DA:39,0
DA:46,0
DA:47,0
DA:50,0
DA:51,0
DA:54,0
DA:61,0
DA:69,0
DA:70,0
DA:73,0
DA:84,3
DA:85,0
DA:86,0
DA:88,0
DA:89,0
DA:90,0
DA:93,0
DA:96,0
DA:97,0
DA:103,0
DA:104,0
DA:107,0
DA:108,0
DA:112,0
DA:118,0
DA:120,0
DA:122,0
DA:123,0
DA:131,3
DA:132,0
DA:133,0
DA:134,0
DA:136,0
DA:137,0
DA:138,0
DA:142,0
DA:143,0
DA:144,0
DA:147,0
DA:158,0
DA:160,0
DA:161,0
DA:163,0
DA:164,0
DA:172,3
DA:173,0
DA:174,0
DA:175,0
DA:177,0
DA:178,0
DA:179,0
DA:182,0
DA:183,0
DA:184,0
DA:186,0
DA:194,0
DA:195,0
DA:196,0
DA:198,0
DA:201,0
DA:202,0
DA:204,0
DA:205,0
DA:217,3
DA:218,0
DA:219,0
DA:220,0
DA:222,0
DA:223,0
DA:224,0
DA:227,0
DA:238,0
DA:240,0
DA:241,0
DA:243,0
DA:244,0
DA:252,3
DA:253,0
DA:254,0
DA:255,0
DA:257,0
DA:258,0
DA:259,0
DA:262,0
DA:263,0
DA:264,0
DA:265,0
DA:267,0
DA:275,0
DA:276,0
DA:277,0
DA:279,0
DA:282,0
DA:284,0
DA:285,0
DA:293,3
DA:294,0
DA:295,0
DA:297,0
DA:298,0
DA:299,0
DA:302,0
DA:308,0
DA:310,0
DA:311,0
DA:314,0
DA:315,0
DA:317,0
DA:318,0
DA:330,3
DA:331,0
DA:332,0
DA:334,0
DA:335,0
DA:336,0
DA:339,0
DA:345,0
DA:347,0
DA:349,0
DA:350,0
DA:358,3
DA:359,0
DA:360,0
DA:361,0
DA:363,0
DA:364,0
DA:365,0
DA:368,0
DA:379,0
DA:381,0
DA:382,0
DA:384,0
DA:385,0
DA:393,3
DA:394,0
DA:395,0
DA:396,0
DA:398,0
DA:399,0
DA:400,0
DA:403,0
DA:404,0
DA:405,0
DA:406,0
DA:407,0
DA:408,0
DA:410,0
DA:418,0
DA:419,0
DA:420,0
DA:422,0
DA:425,0
DA:427,0
DA:428,0
DA:436,3
DA:437,0
DA:438,0
DA:440,0
DA:441,0
DA:442,0
DA:445,0
DA:451,0
DA:453,0
DA:454,0
DA:457,0
DA:458,0
DA:460,0
DA:461,0
DA:469,3
DA:470,0
DA:471,0
DA:473,0
DA:474,0
DA:475,0
DA:479,0
DA:486,0
DA:487,0
DA:490,0
DA:498,0
DA:500,0
DA:502,0
DA:503,0
DA:515,3
DA:516,0
DA:517,0
DA:519,0
DA:520,0
DA:521,0
DA:524,0
DA:530,0
DA:532,0
DA:534,0
DA:535,0
DA:543,3
DA:544,0
DA:545,0
DA:546,0
DA:548,0
DA:549,0
DA:550,0
DA:553,0
DA:567,0
DA:569,0
DA:570,0
DA:572,0
DA:573,0
DA:581,3
DA:582,0
DA:583,0
DA:584,0
DA:586,0
DA:587,0
DA:588,0
DA:591,0
DA:592,0
DA:593,0
DA:594,0
DA:595,0
DA:596,0
DA:597,0
DA:599,0
DA:607,0
DA:608,0
DA:609,0
DA:611,0
DA:614,0
DA:616,0
DA:617,0
DA:625,3
DA:626,0
DA:627,0
DA:629,0
DA:630,0
DA:631,0
DA:634,0
DA:640,0
DA:642,0
DA:643,0
DA:646,0
DA:647,0
DA:649,0
DA:650,0
DA:662,3
DA:663,0
DA:664,0
DA:666,0
DA:667,0
DA:668,0
DA:671,0
DA:677,0
DA:679,0
DA:681,0
DA:682,0
DA:690,3
DA:691,0
DA:692,0
DA:693,0
DA:695,0
DA:696,0
DA:697,0
DA:701,0
DA:702,0
DA:703,0
DA:711,0
DA:714,0
DA:724,0
DA:726,0
DA:727,0
DA:729,0
DA:730,0
DA:738,3
DA:739,0
DA:740,0
DA:741,0
DA:743,0
DA:744,0
DA:745,0
DA:748,0
DA:749,0
DA:750,0
DA:751,0
DA:752,0
DA:753,0
DA:756,0
DA:764,0
DA:765,0
DA:766,0
DA:768,0
DA:771,0
DA:773,0
DA:774,0
DA:782,3
DA:783,0
DA:784,0
DA:786,0
DA:787,0
DA:788,0
DA:791,0
DA:797,0
DA:799,0
DA:800,0
DA:803,0
DA:804,0
DA:806,0
DA:807,0
DA:811,3
LF:312
LH:25
BRDA:23,0,0,0
BRDA:23,1,0,0
BRDA:23,2,0,0
BRDA:46,3,0,0
BRDA:46,3,1,0
BRDA:46,4,0,0
BRDA:46,4,1,0
BRDA:50,5,0,0
BRDA:50,5,1,0
BRDA:69,6,0,0
BRDA:69,6,1,0
BRDA:69,7,0,0
BRDA:69,7,1,0
BRDA:89,8,0,0
BRDA:89,8,1,0
BRDA:96,9,0,0
BRDA:96,9,1,0
BRDA:96,10,0,0
BRDA:96,10,1,0
BRDA:103,11,0,0
BRDA:103,11,1,0
BRDA:103,12,0,0
BRDA:103,12,1,0
BRDA:107,13,0,0
BRDA:107,13,1,0
BRDA:118,14,0,0
BRDA:118,14,1,0
BRDA:120,15,0,0
BRDA:120,15,1,0
BRDA:137,16,0,0
BRDA:137,16,1,0
BRDA:143,17,0,0
BRDA:143,17,1,0
BRDA:153,18,0,0
BRDA:153,18,1,0
BRDA:158,19,0,0
BRDA:158,19,1,0
BRDA:178,20,0,0
BRDA:178,20,1,0
BRDA:183,21,0,0
BRDA:183,21,1,0
BRDA:184,22,0,0
BRDA:184,22,1,0
BRDA:194,23,0,0
BRDA:194,23,1,0
BRDA:195,24,0,0
BRDA:195,24,1,0
BRDA:223,25,0,0
BRDA:223,25,1,0
BRDA:232,26,0,0
BRDA:232,26,1,0
BRDA:233,27,0,0
BRDA:233,27,1,0
BRDA:238,28,0,0
BRDA:238,28,1,0
BRDA:258,29,0,0
BRDA:258,29,1,0
BRDA:263,30,0,0
BRDA:263,30,1,0
BRDA:264,31,0,0
BRDA:264,31,1,0
BRDA:265,32,0,0
BRDA:265,32,1,0
BRDA:275,33,0,0
BRDA:275,33,1,0
BRDA:276,34,0,0
BRDA:276,34,1,0
BRDA:298,35,0,0
BRDA:298,35,1,0
BRDA:308,36,0,0
BRDA:308,36,1,0
BRDA:310,37,0,0
BRDA:310,37,1,0
BRDA:335,38,0,0
BRDA:335,38,1,0
BRDA:345,39,0,0
BRDA:345,39,1,0
BRDA:347,40,0,0
BRDA:347,40,1,0
BRDA:364,41,0,0
BRDA:364,41,1,0
BRDA:373,42,0,0
BRDA:373,42,1,0
BRDA:374,43,0,0
BRDA:374,43,1,0
BRDA:379,44,0,0
BRDA:379,44,1,0
BRDA:399,45,0,0
BRDA:399,45,1,0
BRDA:404,46,0,0
BRDA:404,46,1,0
BRDA:405,47,0,0
BRDA:405,47,1,0
BRDA:406,48,0,0
BRDA:406,48,1,0
BRDA:407,49,0,0
BRDA:407,49,1,0
BRDA:408,50,0,0
BRDA:408,50,1,0
BRDA:418,51,0,0
BRDA:418,51,1,0
BRDA:419,52,0,0
BRDA:419,52,1,0
BRDA:441,53,0,0
BRDA:441,53,1,0
BRDA:451,54,0,0
BRDA:451,54,1,0
BRDA:453,55,0,0
BRDA:453,55,1,0
BRDA:474,56,0,0
BRDA:474,56,1,0
BRDA:486,57,0,0
BRDA:486,57,1,0
BRDA:486,58,0,0
BRDA:486,58,1,0
BRDA:492,59,0,0
BRDA:492,59,1,0
BRDA:498,60,0,0
BRDA:498,60,1,0
BRDA:520,61,0,0
BRDA:520,61,1,0
BRDA:530,62,0,0
BRDA:530,62,1,0
BRDA:532,63,0,0
BRDA:532,63,1,0
BRDA:549,64,0,0
BRDA:549,64,1,0
BRDA:558,65,0,0
BRDA:558,65,1,0
BRDA:559,66,0,0
BRDA:559,66,1,0
BRDA:560,67,0,0
BRDA:560,67,1,0
BRDA:561,68,0,0
BRDA:561,68,1,0
BRDA:562,69,0,0
BRDA:562,69,1,0
BRDA:567,70,0,0
BRDA:567,70,1,0
BRDA:587,71,0,0
BRDA:587,71,1,0
BRDA:592,72,0,0
BRDA:592,72,1,0
BRDA:593,73,0,0
BRDA:593,73,1,0
BRDA:594,74,0,0
BRDA:594,74,1,0
BRDA:595,75,0,0
BRDA:595,75,1,0
BRDA:596,76,0,0
BRDA:596,76,1,0
BRDA:597,77,0,0
BRDA:597,77,1,0
BRDA:607,78,0,0
BRDA:607,78,1,0
BRDA:608,79,0,0
BRDA:608,79,1,0
BRDA:630,80,0,0
BRDA:630,80,1,0
BRDA:640,81,0,0
BRDA:640,81,1,0
BRDA:642,82,0,0
BRDA:642,82,1,0
BRDA:667,83,0,0
BRDA:667,83,1,0
BRDA:677,84,0,0
BRDA:677,84,1,0
BRDA:679,85,0,0
BRDA:679,85,1,0
BRDA:696,86,0,0
BRDA:696,86,1,0
BRDA:702,87,0,0
BRDA:702,87,1,0
BRDA:711,88,0,0
BRDA:711,88,1,0
BRDA:724,89,0,0
BRDA:724,89,1,0
BRDA:744,90,0,0
BRDA:744,90,1,0
BRDA:749,91,0,0
BRDA:749,91,1,0
BRDA:750,92,0,0
BRDA:750,92,1,0
BRDA:751,93,0,0
BRDA:751,93,1,0
BRDA:753,94,0,0
BRDA:753,94,1,0
BRDA:764,95,0,0
BRDA:764,95,1,0
BRDA:765,96,0,0
BRDA:765,96,1,0
BRDA:787,97,0,0
BRDA:787,97,1,0
BRDA:797,98,0,0
BRDA:797,98,1,0
BRDA:799,99,0,0
BRDA:799,99,1,0
BRF:197
BRH:0
end_of_record
TN:
SF:src\routes\opportunities.js
FN:8,(anonymous_0)
FN:13,(anonymous_1)
FN:42,logAudit
FN:58,(anonymous_3)
FN:78,(anonymous_4)
FN:106,(anonymous_5)
FN:141,(anonymous_6)
FN:199,(anonymous_7)
FNF:8
FNH:3
FNDA:0,(anonymous_0)
FNDA:0,(anonymous_1)
FNDA:1,logAudit
FNDA:0,(anonymous_3)
FNDA:0,(anonymous_4)
FNDA:1,(anonymous_5)
FNDA:1,(anonymous_6)
FNDA:0,(anonymous_7)
DA:1,3
DA:2,3
DA:3,3
DA:4,3
DA:6,3
DA:8,3
DA:9,0
DA:10,0
DA:13,3
DA:14,0
DA:16,0
DA:25,0
DA:26,0
DA:32,0
DA:43,1
DA:58,3
DA:59,0
DA:60,0
DA:66,0
DA:68,0
DA:70,0
DA:78,3
DA:79,0
DA:80,0
DA:82,0
DA:89,0
DA:90,0
DA:91,0
DA:93,0
DA:96,0
DA:98,0
DA:106,3
DA:107,1
DA:108,1
DA:110,1
DA:125,1
DA:128,1
DA:132,1
DA:134,0
DA:141,3
DA:142,1
DA:143,1
DA:144,1
DA:147,1
DA:148,1
DA:149,1
DA:150,1
DA:151,1
DA:152,1
DA:153,1
DA:154,1
DA:156,1
DA:164,1
DA:165,1
DA:166,1
DA:168,0
DA:172,0
DA:177,0
DA:179,0
DA:187,3
DA:193,3
DA:199,3
DA:200,0
DA:201,0
DA:203,0
DA:209,0
DA:211,0
DA:212,0
DA:216,0
DA:218,0
DA:220,0
DA:224,3
LF:72
LH:37
BRDA:9,0,0,0
BRDA:9,0,1,0
BRDA:10,1,0,0
BRDA:10,1,1,0
BRDA:25,2,0,0
BRDA:25,2,1,0
BRDA:42,3,0,0
BRDA:42,4,0,0
BRDA:42,5,0,0
BRDA:66,6,0,0
BRDA:66,6,1,0
BRDA:89,7,0,0
BRDA:89,7,1,0
BRDA:90,8,0,0
BRDA:90,8,1,0
BRDA:115,9,0,1
BRDA:115,9,1,1
BRDA:116,10,0,1
BRDA:116,10,1,0
BRDA:117,11,0,1
BRDA:117,11,1,1
BRDA:118,12,0,1
BRDA:118,12,1,0
BRDA:119,13,0,1
BRDA:119,13,1,0
BRDA:120,14,0,1
BRDA:120,14,1,1
BRDA:125,15,0,0
BRDA:125,15,1,1
BRDA:148,16,0,0
BRDA:148,16,1,1
BRDA:149,17,0,0
BRDA:149,17,1,1
BRDA:150,18,0,0
BRDA:150,18,1,1
BRDA:151,19,0,0
BRDA:151,19,1,1
BRDA:152,20,0,0
BRDA:152,20,1,1
BRDA:153,21,0,1
BRDA:153,21,1,0
BRDA:154,22,0,0
BRDA:154,22,1,1
BRDA:164,23,0,1
BRDA:164,23,1,0
BRDA:165,24,0,1
BRDA:165,24,1,0
BRDA:209,25,0,0
BRDA:209,25,1,0
BRDA:211,26,0,0
BRDA:211,26,1,0
BRF:51
BRH:19
end_of_record
TN:
SF:src\validation\documents-schemas.js
FNF:0
FNH:0
DA:1,4
DA:6,4
DA:64,4
DA:120,4
DA:133,4
DA:146,4
DA:166,4
DA:176,4
LF:8
LH:8
BRF:0
BRH:0
end_of_record
TN:
SF:src\validation\schemas.js
FNF:0
FNH:0
DA:1,4
DA:6,4
DA:77,4
DA:147,4
DA:164,4
DA:190,4
DA:214,4
DA:248,4
DA:272,4
DA:300,4
DA:329,4
DA:375,4
DA:411,4
DA:431,4
DA:447,4
LF:15
LH:15
BRF:0
BRH:0
end_of_record
TN:
SF:tests\mocks\auth.js
FN:10,mockRequireAuth
FNF:1
FNH:1
FNDA:8,mockRequireAuth
DA:1,2
DA:11,8
DA:13,8
DA:14,2
DA:20,6
DA:21,6
DA:24,2
LF:7
LH:7
BRDA:13,0,0,2
BRDA:13,0,1,6
BRDA:13,1,0,8
BRDA:13,1,1,6
BRF:4
BRH:4
end_of_record
TN:
SF:tests\mocks\supabase.js
FN:5,createChain
FN:7,(anonymous_1)
FN:8,(anonymous_2)
FN:9,(anonymous_3)
FN:10,(anonymous_4)
FN:11,(anonymous_5)
FN:12,(anonymous_6)
FN:13,(anonymous_7)
FN:14,(anonymous_8)
FN:15,(anonymous_9)
FN:18,(anonymous_10)
FN:19,(anonymous_11)
FN:24,createCountChain
FN:26,(anonymous_13)
FN:29,(anonymous_14)
FN:32,(anonymous_15)
FNF:16
FNH:13
FNDA:6,createChain
FNDA:6,(anonymous_1)
FNDA:2,(anonymous_2)
FNDA:1,(anonymous_3)
FNDA:0,(anonymous_4)
FNDA:3,(anonymous_5)
FNDA:1,(anonymous_6)
FNDA:2,(anonymous_7)
FNDA:3,(anonymous_8)
FNDA:3,(anonymous_9)
FNDA:0,(anonymous_10)
FNDA:0,(anonymous_11)
FNDA:1,createCountChain
FNDA:1,(anonymous_13)
FNDA:1,(anonymous_14)
FNDA:1,(anonymous_15)
DA:6,6
DA:7,6
DA:8,2
DA:9,1
DA:10,0
DA:11,3
DA:12,1
DA:13,2
DA:14,3
DA:15,3
DA:18,6
DA:19,6
DA:21,6
DA:25,1
DA:27,1
DA:30,1
DA:32,1
DA:36,3
LF:18
LH:17
BRDA:5,0,0,0
BRDA:24,1,0,0
BRDA:24,2,0,0
BRF:3
BRH:0
end_of_record
